<?xml version="1.0" encoding="UTF-8"?>
<coverage generated="1768294388800" clover="3.2.0">
  <project timestamp="1768294388801" name="All files">
    <metrics statements="411" coveredstatements="392" conditionals="247" coveredconditionals="223" methods="92" coveredmethods="90" elements="750" coveredelements="705" complexity="0" loc="411" ncloc="411" packages="6" files="14" classes="14"/>
    <package name="src">
      <metrics statements="10" coveredstatements="8" conditionals="6" coveredconditionals="6" methods="5" coveredmethods="3"/>
      <file name="App.js" path="C:\Users\Toxic\projet r5.04\code-quality-testing-evaluation-Nithael\packages\frontend\src\App.js">
        <metrics statements="10" coveredstatements="8" conditionals="6" coveredconditionals="6" methods="5" coveredmethods="3"/>
        <line num="12" count="3" type="stmt"/>
        <line num="14" count="3" type="stmt"/>
        <line num="15" count="3" type="stmt"/>
        <line num="16" count="0" type="stmt"/>
        <line num="19" count="3" type="stmt"/>
        <line num="20" count="3" type="stmt"/>
        <line num="23" count="3" type="stmt"/>
        <line num="28" count="3" type="stmt"/>
        <line num="29" count="0" type="stmt"/>
        <line num="32" count="3" type="stmt"/>
      </file>
    </package>
    <package name="src.components">
      <metrics statements="23" coveredstatements="23" conditionals="12" coveredconditionals="8" methods="9" coveredmethods="9"/>
      <file name="ErrorBoundary.js" path="C:\Users\Toxic\projet r5.04\code-quality-testing-evaluation-Nithael\packages\frontend\src\components\ErrorBoundary.js">
        <metrics statements="8" coveredstatements="8" conditionals="4" coveredconditionals="4" methods="5" coveredmethods="5"/>
        <line num="5" count="7" type="stmt"/>
        <line num="6" count="7" type="stmt"/>
        <line num="10" count="6" type="stmt"/>
        <line num="14" count="3" type="stmt"/>
        <line num="18" count="13" type="cond" truecount="2" falsecount="0"/>
        <line num="19" count="6" type="stmt"/>
        <line num="39" count="1" type="stmt"/>
        <line num="55" count="7" type="stmt"/>
      </file>
      <file name="LoadingSpinner.js" path="C:\Users\Toxic\projet r5.04\code-quality-testing-evaluation-Nithael\packages\frontend\src\components\LoadingSpinner.js">
        <metrics statements="2" coveredstatements="2" conditionals="0" coveredconditionals="0" methods="1" coveredmethods="1"/>
        <line num="3" count="1" type="stmt"/>
        <line num="4" count="4" type="stmt"/>
      </file>
      <file name="Navigation.js" path="C:\Users\Toxic\projet r5.04\code-quality-testing-evaluation-Nithael\packages\frontend\src\components\Navigation.js">
        <metrics statements="13" coveredstatements="13" conditionals="8" coveredconditionals="4" methods="3" coveredmethods="3"/>
        <line num="6" count="1" type="stmt"/>
        <line num="7" count="8" type="stmt"/>
        <line num="9" count="8" type="cond" truecount="1" falsecount="1"/>
        <line num="11" count="8" type="stmt"/>
        <line num="12" count="1" type="stmt"/>
        <line num="13" count="1" type="stmt"/>
        <line num="14" count="1" type="stmt"/>
        <line num="17" count="8" type="stmt"/>
        <line num="18" count="8" type="stmt"/>
        <line num="19" count="8" type="cond" truecount="1" falsecount="3"/>
        <line num="20" count="8" type="stmt"/>
        <line num="21" count="8" type="cond" truecount="2" falsecount="0"/>
        <line num="24" count="8" type="stmt"/>
      </file>
    </package>
    <package name="src.hooks">
      <metrics statements="45" coveredstatements="44" conditionals="9" coveredconditionals="8" methods="10" coveredmethods="10"/>
      <file name="useApi.js" path="C:\Users\Toxic\projet r5.04\code-quality-testing-evaluation-Nithael\packages\frontend\src\hooks\useApi.js">
        <metrics statements="19" coveredstatements="19" conditionals="5" coveredconditionals="4" methods="6" coveredmethods="6"/>
        <line num="4" count="1" type="stmt"/>
        <line num="5" count="16" type="stmt"/>
        <line num="6" count="16" type="stmt"/>
        <line num="8" count="16" type="stmt"/>
        <line num="9" count="10" type="stmt"/>
        <line num="11" count="10" type="stmt"/>
        <line num="12" count="10" type="stmt"/>
        <line num="13" count="10" type="stmt"/>
        <line num="15" count="10" type="stmt"/>
        <line num="23" count="10" type="stmt"/>
        <line num="25" count="10" type="cond" truecount="2" falsecount="1"/>
        <line num="26" count="10" type="stmt"/>
        <line num="27" count="10" type="stmt"/>
        <line num="29" count="10" type="stmt"/>
        <line num="33" count="16" type="stmt"/>
        <line num="34" count="16" type="stmt"/>
        <line num="35" count="16" type="stmt"/>
        <line num="36" count="16" type="stmt"/>
        <line num="38" count="16" type="stmt"/>
      </file>
      <file name="useAuth.js" path="C:\Users\Toxic\projet r5.04\code-quality-testing-evaluation-Nithael\packages\frontend\src\hooks\useAuth.js">
        <metrics statements="26" coveredstatements="25" conditionals="4" coveredconditionals="4" methods="4" coveredmethods="4"/>
        <line num="4" count="1" type="stmt"/>
        <line num="5" count="21" type="stmt"/>
        <line num="6" count="21" type="stmt"/>
        <line num="7" count="21" type="stmt"/>
        <line num="9" count="21" type="stmt"/>
        <line num="10" count="9" type="stmt"/>
        <line num="11" count="9" type="stmt"/>
        <line num="13" count="9" type="cond" truecount="4" falsecount="0"/>
        <line num="14" count="4" type="stmt"/>
        <line num="15" count="4" type="stmt"/>
        <line num="17" count="1" type="stmt"/>
        <line num="18" count="1" type="stmt"/>
        <line num="19" count="1" type="stmt"/>
        <line num="22" count="9" type="stmt"/>
        <line num="25" count="21" type="stmt"/>
        <line num="26" count="1" type="stmt"/>
        <line num="27" count="1" type="stmt"/>
        <line num="28" count="1" type="stmt"/>
        <line num="29" count="1" type="stmt"/>
        <line num="31" count="0" type="stmt"/>
        <line num="35" count="21" type="stmt"/>
        <line num="36" count="2" type="stmt"/>
        <line num="37" count="2" type="stmt"/>
        <line num="38" count="2" type="stmt"/>
        <line num="39" count="2" type="stmt"/>
        <line num="42" count="21" type="stmt"/>
      </file>
    </package>
    <package name="src.pages">
      <metrics statements="203" coveredstatements="196" conditionals="135" coveredconditionals="122" methods="49" coveredmethods="49"/>
      <file name="AddProduct.js" path="C:\Users\Toxic\projet r5.04\code-quality-testing-evaluation-Nithael\packages\frontend\src\pages\AddProduct.js">
        <metrics statements="21" coveredstatements="21" conditionals="9" coveredconditionals="9" methods="6" coveredmethods="6"/>
        <line num="6" count="1" type="stmt"/>
        <line num="7" count="155" type="stmt"/>
        <line num="8" count="155" type="stmt"/>
        <line num="9" count="155" type="stmt"/>
        <line num="10" count="155" type="stmt"/>
        <line num="11" count="155" type="stmt"/>
        <line num="13" count="155" type="stmt"/>
        <line num="14" count="9" type="stmt"/>
        <line num="16" count="9" type="cond" truecount="5" falsecount="0"/>
        <line num="17" count="4" type="stmt"/>
        <line num="18" count="4" type="stmt"/>
        <line num="21" count="5" type="stmt"/>
        <line num="22" count="5" type="stmt"/>
        <line num="27" count="3" type="stmt"/>
        <line num="29" count="2" type="cond" truecount="2" falsecount="0"/>
        <line num="30" count="2" type="stmt"/>
        <line num="34" count="155" type="stmt"/>
        <line num="77" count="92" type="stmt"/>
        <line num="97" count="26" type="stmt"/>
        <line num="117" count="16" type="stmt"/>
        <line num="131" count="1" type="stmt"/>
      </file>
      <file name="Login.js" path="C:\Users\Toxic\projet r5.04\code-quality-testing-evaluation-Nithael\packages\frontend\src\pages\Login.js">
        <metrics statements="19" coveredstatements="17" conditionals="16" coveredconditionals="13" methods="4" coveredmethods="4"/>
        <line num="6" count="1" type="stmt"/>
        <line num="7" count="163" type="stmt"/>
        <line num="8" count="163" type="stmt"/>
        <line num="9" count="163" type="stmt"/>
        <line num="10" count="163" type="stmt"/>
        <line num="12" count="163" type="stmt"/>
        <line num="13" count="7" type="stmt"/>
        <line num="14" count="7" type="stmt"/>
        <line num="15" count="7" type="stmt"/>
        <line num="17" count="6" type="cond" truecount="4" falsecount="0"/>
        <line num="18" count="3" type="stmt"/>
        <line num="19" count="0" type="stmt"/>
        <line num="22" count="3" type="cond" truecount="1" falsecount="1"/>
        <line num="26" count="4" type="cond" truecount="3" falsecount="1"/>
        <line num="27" count="4" type="cond" truecount="3" falsecount="1"/>
        <line num="28" count="0" type="stmt"/>
        <line num="32" count="163" type="stmt"/>
        <line num="73" count="61" type="stmt"/>
        <line num="92" count="85" type="stmt"/>
      </file>
      <file name="ProductList.js" path="C:\Users\Toxic\projet r5.04\code-quality-testing-evaluation-Nithael\packages\frontend\src\pages\ProductList.js">
        <metrics statements="59" coveredstatements="57" conditionals="51" coveredconditionals="48" methods="15" coveredmethods="15"/>
        <line num="6" count="1" type="stmt"/>
        <line num="7" count="92" type="stmt"/>
        <line num="8" count="91" type="stmt"/>
        <line num="9" count="91" type="stmt"/>
        <line num="10" count="91" type="stmt"/>
        <line num="11" count="91" type="stmt"/>
        <line num="12" count="91" type="stmt"/>
        <line num="14" count="91" type="stmt"/>
        <line num="15" count="21" type="stmt"/>
        <line num="16" count="21" type="stmt"/>
        <line num="17" count="21" type="stmt"/>
        <line num="18" count="21" type="stmt"/>
        <line num="19" count="95" type="stmt"/>
        <line num="25" count="19" type="stmt"/>
        <line num="27" count="1" type="stmt"/>
        <line num="28" count="1" type="stmt"/>
        <line num="30" count="20" type="stmt"/>
        <line num="33" count="21" type="stmt"/>
        <line num="36" count="91" type="stmt"/>
        <line num="37" count="90" type="stmt"/>
        <line num="38" count="345" type="cond" truecount="2" falsecount="0"/>
        <line num="40" count="225" type="stmt"/>
        <line num="42" count="225" type="stmt"/>
        <line num="44" count="225" type="stmt"/>
        <line num="45" count="225" type="stmt"/>
        <line num="46" count="627" type="stmt"/>
        <line num="47" count="627" type="stmt"/>
        <line num="50" count="627" type="stmt"/>
        <line num="52" count="3057" type="stmt"/>
        <line num="54" count="627" type="stmt"/>
        <line num="55" count="3057" type="stmt"/>
        <line num="58" count="627" type="stmt"/>
        <line num="59" count="4308" type="stmt"/>
        <line num="62" count="627" type="stmt"/>
        <line num="63" count="2430" type="stmt"/>
        <line num="64" count="13980" type="cond" truecount="2" falsecount="0"/>
        <line num="66" count="13980" type="stmt"/>
        <line num="71" count="627" type="stmt"/>
        <line num="76" count="90" type="stmt"/>
        <line num="77" count="192" type="cond" truecount="2" falsecount="0"/>
        <line num="79" count="16" type="stmt"/>
        <line num="80" count="16" type="cond" truecount="3" falsecount="1"/>
        <line num="82" count="5" type="cond" truecount="2" falsecount="0"/>
        <line num="84" count="5" type="cond" truecount="3" falsecount="0"/>
        <line num="86" count="6" type="cond" truecount="2" falsecount="0"/>
        <line num="88" count="0" type="stmt"/>
        <line num="92" count="90" type="stmt"/>
        <line num="93" count="182" type="cond" truecount="2" falsecount="0"/>
        <line num="95" count="15" type="stmt"/>
        <line num="97" count="15" type="cond" truecount="3" falsecount="1"/>
        <line num="99" count="5" type="cond" truecount="2" falsecount="0"/>
        <line num="101" count="5" type="cond" truecount="3" falsecount="0"/>
        <line num="103" count="5" type="cond" truecount="2" falsecount="0"/>
        <line num="105" count="0" type="stmt"/>
        <line num="110" count="91" type="stmt"/>
        <line num="166" count="43" type="stmt"/>
        <line num="177" count="5" type="stmt"/>
        <line num="192" count="4" type="stmt"/>
        <line num="228" count="172" type="stmt"/>
      </file>
      <file name="Register.js" path="C:\Users\Toxic\projet r5.04\code-quality-testing-evaluation-Nithael\packages\frontend\src\pages\Register.js">
        <metrics statements="14" coveredstatements="14" conditionals="4" coveredconditionals="4" methods="4" coveredmethods="4"/>
        <line num="6" count="1" type="stmt"/>
        <line num="7" count="178" type="stmt"/>
        <line num="13" count="178" type="stmt"/>
        <line num="14" count="178" type="stmt"/>
        <line num="16" count="178" type="stmt"/>
        <line num="17" count="6" type="stmt"/>
        <line num="18" count="6" type="stmt"/>
        <line num="19" count="6" type="stmt"/>
        <line num="20" count="5" type="stmt"/>
        <line num="22" count="1" type="cond" truecount="2" falsecount="0"/>
        <line num="26" count="178" type="stmt"/>
        <line num="27" count="165" type="stmt"/>
        <line num="28" count="165" type="stmt"/>
        <line num="31" count="178" type="stmt"/>
      </file>
      <file name="UserList.js" path="C:\Users\Toxic\projet r5.04\code-quality-testing-evaluation-Nithael\packages\frontend\src\pages\UserList.js">
        <metrics statements="90" coveredstatements="87" conditionals="55" coveredconditionals="48" methods="20" coveredmethods="20"/>
        <line num="5" count="1" type="stmt"/>
        <line num="6" count="97" type="stmt"/>
        <line num="7" count="96" type="stmt"/>
        <line num="8" count="96" type="stmt"/>
        <line num="9" count="96" type="stmt"/>
        <line num="10" count="96" type="stmt"/>
        <line num="11" count="96" type="stmt"/>
        <line num="12" count="96" type="stmt"/>
        <line num="14" count="96" type="stmt"/>
        <line num="15" count="23" type="stmt"/>
        <line num="16" count="23" type="stmt"/>
        <line num="17" count="23" type="stmt"/>
        <line num="18" count="23" type="stmt"/>
        <line num="19" count="84" type="stmt"/>
        <line num="24" count="84" type="stmt"/>
        <line num="25" count="84" type="stmt"/>
        <line num="26" count="84" type="stmt"/>
        <line num="27" count="84" type="stmt"/>
        <line num="28" count="84" type="cond" truecount="4" falsecount="0"/>
        <line num="33" count="21" type="stmt"/>
        <line num="35" count="1" type="stmt"/>
        <line num="36" count="1" type="stmt"/>
        <line num="38" count="22" type="stmt"/>
        <line num="41" count="23" type="stmt"/>
        <line num="44" count="96" type="stmt"/>
        <line num="45" count="280" type="cond" truecount="2" falsecount="0"/>
        <line num="47" count="168" type="stmt"/>
        <line num="49" count="168" type="stmt"/>
        <line num="56" count="168" type="stmt"/>
        <line num="57" count="672" type="stmt"/>
        <line num="62" count="168" type="stmt"/>
        <line num="63" count="537" type="stmt"/>
        <line num="64" count="537" type="stmt"/>
        <line num="65" count="928" type="stmt"/>
        <line num="66" count="928" type="stmt"/>
        <line num="68" count="928" type="cond" truecount="2" falsecount="0"/>
        <line num="69" count="43" type="stmt"/>
        <line num="72" count="885" type="stmt"/>
        <line num="74" count="5864" type="stmt"/>
        <line num="76" count="885" type="stmt"/>
        <line num="77" count="5864" type="stmt"/>
        <line num="79" count="885" type="stmt"/>
        <line num="80" count="5762" type="stmt"/>
        <line num="83" count="885" type="stmt"/>
        <line num="84" count="4979" type="stmt"/>
        <line num="85" count="27448" type="cond" truecount="2" falsecount="0"/>
        <line num="86" count="27448" type="stmt"/>
        <line num="90" count="885" type="stmt"/>
        <line num="91" count="885" type="stmt"/>
        <line num="92" count="885" type="stmt"/>
        <line num="98" count="96" type="stmt"/>
        <line num="102" count="94" type="cond" truecount="3" falsecount="1"/>
        <line num="104" count="86" type="stmt"/>
        <line num="105" count="86" type="stmt"/>
        <line num="106" count="86" type="stmt"/>
        <line num="108" count="3" type="stmt"/>
        <line num="109" count="3" type="stmt"/>
        <line num="110" count="3" type="stmt"/>
        <line num="112" count="5" type="stmt"/>
        <line num="113" count="5" type="stmt"/>
        <line num="114" count="5" type="stmt"/>
        <line num="116" count="0" type="stmt"/>
        <line num="117" count="0" type="stmt"/>
        <line num="120" count="94" type="cond" truecount="2" falsecount="0"/>
        <line num="121" count="88" type="cond" truecount="3" falsecount="1"/>
        <line num="123" count="6" type="cond" truecount="2" falsecount="2"/>
        <line num="129" count="96" type="stmt"/>
        <line num="130" count="93" type="stmt"/>
        <line num="132" count="280" type="stmt"/>
        <line num="134" count="280" type="stmt"/>
        <line num="135" count="280" type="cond" truecount="2" falsecount="0"/>
        <line num="136" count="16" type="stmt"/>
        <line num="137" count="16" type="stmt"/>
        <line num="138" count="16" type="stmt"/>
        <line num="139" count="16" type="stmt"/>
        <line num="141" count="16" type="cond" truecount="3" falsecount="1"/>
        <line num="143" count="8" type="cond" truecount="2" falsecount="0"/>
        <line num="144" count="8" type="stmt"/>
        <line num="146" count="4" type="cond" truecount="2" falsecount="0"/>
        <line num="147" count="4" type="stmt"/>
        <line num="149" count="4" type="cond" truecount="2" falsecount="0"/>
        <line num="150" count="4" type="stmt"/>
        <line num="152" count="0" type="stmt"/>
        <line num="156" count="280" type="cond" truecount="2" falsecount="0"/>
        <line num="161" count="96" type="stmt"/>
        <line num="194" count="42" type="stmt"/>
        <line num="205" count="4" type="stmt"/>
        <line num="220" count="4" type="stmt"/>
        <line num="233" count="2" type="cond" truecount="1" falsecount="1"/>
        <line num="267" count="156" type="stmt"/>
      </file>
    </package>
    <package name="src.services">
      <metrics statements="45" coveredstatements="40" conditionals="13" coveredconditionals="9" methods="7" coveredmethods="7"/>
      <file name="api.js" path="C:\Users\Toxic\projet r5.04\code-quality-testing-evaluation-Nithael\packages\frontend\src\services\api.js">
        <metrics statements="45" coveredstatements="40" conditionals="13" coveredconditionals="9" methods="7" coveredmethods="7"/>
        <line num="3" count="8" type="stmt"/>
        <line num="5" count="8" type="stmt"/>
        <line num="6" count="3" type="stmt"/>
        <line num="7" count="3" type="stmt"/>
        <line num="11" count="1" type="stmt"/>
        <line num="12" count="1" type="stmt"/>
        <line num="13" count="1" type="stmt"/>
        <line num="16" count="2" type="cond" truecount="5" falsecount="0"/>
        <line num="17" count="1" type="stmt"/>
        <line num="19" count="1" type="cond" truecount="1" falsecount="1"/>
        <line num="23" count="8" type="stmt"/>
        <line num="24" count="1" type="stmt"/>
        <line num="25" count="1" type="stmt"/>
        <line num="26" count="1" type="stmt"/>
        <line num="30" count="1" type="stmt"/>
        <line num="31" count="1" type="stmt"/>
        <line num="35" count="1" type="stmt"/>
        <line num="38" count="8" type="stmt"/>
        <line num="39" count="1" type="stmt"/>
        <line num="40" count="1" type="stmt"/>
        <line num="41" count="1" type="stmt"/>
        <line num="45" count="1" type="stmt"/>
        <line num="47" count="1" type="stmt"/>
        <line num="48" count="1" type="stmt"/>
        <line num="49" count="1" type="stmt"/>
        <line num="51" count="1" type="stmt"/>
        <line num="52" count="1" type="stmt"/>
        <line num="53" count="1" type="cond" truecount="2" falsecount="2"/>
        <line num="54" count="0" type="stmt"/>
        <line num="55" count="0" type="stmt"/>
        <line num="59" count="1" type="stmt"/>
        <line num="60" count="1" type="stmt"/>
        <line num="61" count="1" type="cond" truecount="1" falsecount="1"/>
        <line num="62" count="0" type="stmt"/>
        <line num="66" count="1" type="stmt"/>
        <line num="73" count="1" type="stmt"/>
        <line num="75" count="0" type="stmt"/>
        <line num="76" count="0" type="stmt"/>
        <line num="80" count="8" type="stmt"/>
        <line num="81" count="1" type="stmt"/>
        <line num="82" count="1" type="stmt"/>
        <line num="85" count="1" type="stmt"/>
        <line num="88" count="8" type="stmt"/>
        <line num="89" count="1" type="stmt"/>
        <line num="90" count="1" type="stmt"/>
      </file>
    </package>
    <package name="src.utils">
      <metrics statements="85" coveredstatements="81" conditionals="72" coveredconditionals="70" methods="12" coveredmethods="12"/>
      <file name="formatting.js" path="C:\Users\Toxic\projet r5.04\code-quality-testing-evaluation-Nithael\packages\frontend\src\utils\formatting.js">
        <metrics statements="44" coveredstatements="40" conditionals="32" coveredconditionals="31" methods="8" coveredmethods="8"/>
        <line num="1" count="1" type="stmt"/>
        <line num="2" count="5" type="cond" truecount="2" falsecount="0"/>
        <line num="4" count="3" type="stmt"/>
        <line num="5" count="3" type="stmt"/>
        <line num="6" count="3" type="stmt"/>
        <line num="8" count="0" type="stmt"/>
        <line num="9" count="0" type="stmt"/>
        <line num="13" count="1" type="stmt"/>
        <line num="14" count="7" type="cond" truecount="2" falsecount="0"/>
        <line num="16" count="5" type="stmt"/>
        <line num="17" count="5" type="stmt"/>
        <line num="18" count="5" type="cond" truecount="2" falsecount="0"/>
        <line num="20" count="4" type="stmt"/>
        <line num="21" count="4" type="stmt"/>
        <line num="23" count="4" type="stmt"/>
        <line num="25" count="0" type="stmt"/>
        <line num="29" count="1" type="stmt"/>
        <line num="30" count="12" type="stmt"/>
        <line num="32" count="12" type="cond" truecount="2" falsecount="0"/>
        <line num="33" count="3" type="stmt"/>
        <line num="36" count="9" type="cond" truecount="2" falsecount="0"/>
        <line num="37" count="2" type="stmt"/>
        <line num="38" count="7" type="cond" truecount="2" falsecount="0"/>
        <line num="39" count="2" type="stmt"/>
        <line num="40" count="5" type="cond" truecount="2" falsecount="0"/>
        <line num="41" count="2" type="stmt"/>
        <line num="43" count="3" type="stmt"/>
        <line num="47" count="1" type="stmt"/>
        <line num="48" count="10" type="cond" truecount="4" falsecount="0"/>
        <line num="50" count="7" type="cond" truecount="2" falsecount="0"/>
        <line num="51" count="7" type="cond" truecount="2" falsecount="0"/>
        <line num="53" count="7" type="cond" truecount="4" falsecount="0"/>
        <line num="54" count="3" type="stmt"/>
        <line num="55" count="4" type="cond" truecount="2" falsecount="0"/>
        <line num="56" count="2" type="stmt"/>
        <line num="57" count="2" type="cond" truecount="1" falsecount="1"/>
        <line num="58" count="2" type="stmt"/>
        <line num="61" count="0" type="stmt"/>
        <line num="64" count="1" type="stmt"/>
        <line num="65" count="7" type="cond" truecount="2" falsecount="0"/>
        <line num="67" count="4" type="stmt"/>
        <line num="70" count="15" type="stmt"/>
        <line num="71" count="15" type="stmt"/>
        <line num="72" count="9" type="stmt"/>
      </file>
      <file name="validation.js" path="C:\Users\Toxic\projet r5.04\code-quality-testing-evaluation-Nithael\packages\frontend\src\utils\validation.js">
        <metrics statements="41" coveredstatements="41" conditionals="40" coveredconditionals="39" methods="4" coveredmethods="4"/>
        <line num="1" count="1" type="stmt"/>
        <line num="3" count="7" type="stmt"/>
        <line num="4" count="7" type="stmt"/>
        <line num="7" count="1" type="stmt"/>
        <line num="8" count="12" type="stmt"/>
        <line num="10" count="12" type="cond" truecount="2" falsecount="0"/>
        <line num="11" count="12" type="cond" truecount="2" falsecount="0"/>
        <line num="12" count="12" type="cond" truecount="2" falsecount="0"/>
        <line num="13" count="12" type="cond" truecount="2" falsecount="0"/>
        <line num="15" count="12" type="stmt"/>
        <line num="21" count="1" type="stmt"/>
        <line num="22" count="7" type="stmt"/>
        <line num="24" count="7" type="cond" truecount="2" falsecount="0"/>
        <line num="25" count="7" type="cond" truecount="2" falsecount="0"/>
        <line num="26" count="7" type="cond" truecount="2" falsecount="0"/>
        <line num="27" count="7" type="cond" truecount="4" falsecount="0"/>
        <line num="29" count="7" type="cond" truecount="2" falsecount="0"/>
        <line num="30" count="6" type="stmt"/>
        <line num="31" count="6" type="cond" truecount="2" falsecount="0"/>
        <line num="32" count="1" type="stmt"/>
        <line num="35" count="1" type="stmt"/>
        <line num="38" count="7" type="stmt"/>
        <line num="44" count="1" type="stmt"/>
        <line num="45" count="9" type="stmt"/>
        <line num="46" count="9" type="stmt"/>
        <line num="48" count="9" type="cond" truecount="4" falsecount="0"/>
        <line num="49" count="2" type="stmt"/>
        <line num="50" count="2" type="stmt"/>
        <line num="53" count="9" type="cond" truecount="4" falsecount="0"/>
        <line num="54" count="2" type="stmt"/>
        <line num="55" count="2" type="stmt"/>
        <line num="58" count="9" type="cond" truecount="2" falsecount="0"/>
        <line num="59" count="1" type="stmt"/>
        <line num="60" count="1" type="stmt"/>
        <line num="63" count="9" type="cond" truecount="4" falsecount="0"/>
        <line num="64" count="2" type="stmt"/>
        <line num="65" count="2" type="stmt"/>
        <line num="68" count="9" type="cond" truecount="2" falsecount="0"/>
        <line num="69" count="1" type="cond" truecount="1" falsecount="1"/>
        <line num="70" count="1" type="stmt"/>
        <line num="73" count="9" type="stmt"/>
      </file>
    </package>
  </project>
</coverage>
