{"C:\\Users\\Toxic\\projet r5.04\\code-quality-testing-evaluation-Nithael\\packages\\frontend\\src\\App.js": {"path":"C:\\Users\\Toxic\\projet r5.04\\code-quality-testing-evaluation-Nithael\\packages\\frontend\\src\\App.js","statementMap":{"0":{"start":{"line":12,"column":48},"end":{"line":12,"column":95}},"1":{"start":{"line":14,"column":2},"end":{"line":21,"column":9}},"2":{"start":{"line":15,"column":32},"end":{"line":17,"column":5}},"3":{"start":{"line":16,"column":6},"end":{"line":16,"column":58}},"4":{"start":{"line":19,"column":4},"end":{"line":19,"column":60}},"5":{"start":{"line":20,"column":4},"end":{"line":20,"column":76}},"6":{"start":{"line":20,"column":17},"end":{"line":20,"column":75}},"7":{"start":{"line":23,"column":16},"end":{"line":26,"column":3}},"8":{"start":{"line":28,"column":22},"end":{"line":30,"column":8}},"9":{"start":{"line":29,"column":4},"end":{"line":29,"column":56}},"10":{"start":{"line":32,"column":2},"end":{"line":55,"column":4}}},"fnMap":{"0":{"name":"App","decl":{"start":{"line":11,"column":9},"end":{"line":11,"column":12}},"loc":{"start":{"line":11,"column":15},"end":{"line":56,"column":1}},"line":11},"1":{"name":"(anonymous_1)","decl":{"start":{"line":14,"column":18},"end":{"line":14,"column":19}},"loc":{"start":{"line":14,"column":24},"end":{"line":21,"column":3}},"line":14},"2":{"name":"(anonymous_2)","decl":{"start":{"line":15,"column":32},"end":{"line":15,"column":33}},"loc":{"start":{"line":15,"column":38},"end":{"line":17,"column":5}},"line":15},"3":{"name":"(anonymous_3)","decl":{"start":{"line":20,"column":11},"end":{"line":20,"column":12}},"loc":{"start":{"line":20,"column":17},"end":{"line":20,"column":75}},"line":20},"4":{"name":"(anonymous_4)","decl":{"start":{"line":28,"column":40},"end":{"line":28,"column":41}},"loc":{"start":{"line":28,"column":46},"end":{"line":30,"column":3}},"line":28}},"branchMap":{"0":{"loc":{"start":{"line":25,"column":15},"end":{"line":25,"column":58}},"type":"cond-expr","locations":[{"start":{"line":25,"column":37},"end":{"line":25,"column":46}},{"start":{"line":25,"column":49},"end":{"line":25,"column":58}}],"line":25},"1":{"loc":{"start":{"line":41,"column":9},"end":{"line":41,"column":65}},"type":"binary-expr","locations":[{"start":{"line":41,"column":9},"end":{"line":41,"column":24}},{"start":{"line":41,"column":28},"end":{"line":41,"column":65}}],"line":41},"2":{"loc":{"start":{"line":50,"column":21},"end":{"line":50,"column":109}},"type":"cond-expr","locations":[{"start":{"line":50,"column":39},"end":{"line":50,"column":74}},{"start":{"line":50,"column":77},"end":{"line":50,"column":109}}],"line":50}},"s":{"0":3,"1":3,"2":3,"3":0,"4":3,"5":3,"6":3,"7":3,"8":3,"9":0,"10":3},"f":{"0":3,"1":3,"2":0,"3":3,"4":0},"b":{"0":[1,2],"1":[3,1],"2":[1,2]},"_coverageSchema":"1a1c01bbd47fc00a2c39e90264f33305004495a9","hash":"026c35d3921d2f066de882b107752ff09a37acf6"}
,"C:\\Users\\Toxic\\projet r5.04\\code-quality-testing-evaluation-Nithael\\packages\\frontend\\src\\components\\ErrorBoundary.js": {"path":"C:\\Users\\Toxic\\projet r5.04\\code-quality-testing-evaluation-Nithael\\packages\\frontend\\src\\components\\ErrorBoundary.js","statementMap":{"0":{"start":{"line":5,"column":4},"end":{"line":5,"column":17}},"1":{"start":{"line":6,"column":4},"end":{"line":6,"column":50}},"2":{"start":{"line":10,"column":4},"end":{"line":10,"column":37}},"3":{"start":{"line":14,"column":4},"end":{"line":14,"column":51}},"4":{"start":{"line":18,"column":4},"end":{"line":53,"column":5}},"5":{"start":{"line":19,"column":6},"end":{"line":52,"column":8}},"6":{"start":{"line":39,"column":27},"end":{"line":39,"column":51}},"7":{"start":{"line":55,"column":4},"end":{"line":55,"column":31}}},"fnMap":{"0":{"name":"(anonymous_0)","decl":{"start":{"line":4,"column":2},"end":{"line":4,"column":3}},"loc":{"start":{"line":4,"column":21},"end":{"line":7,"column":3}},"line":4},"1":{"name":"(anonymous_1)","decl":{"start":{"line":9,"column":2},"end":{"line":9,"column":3}},"loc":{"start":{"line":9,"column":41},"end":{"line":11,"column":3}},"line":9},"2":{"name":"(anonymous_2)","decl":{"start":{"line":13,"column":2},"end":{"line":13,"column":3}},"loc":{"start":{"line":13,"column":38},"end":{"line":15,"column":3}},"line":13},"3":{"name":"(anonymous_3)","decl":{"start":{"line":17,"column":2},"end":{"line":17,"column":3}},"loc":{"start":{"line":17,"column":11},"end":{"line":56,"column":3}},"line":17},"4":{"name":"(anonymous_4)","decl":{"start":{"line":39,"column":21},"end":{"line":39,"column":22}},"loc":{"start":{"line":39,"column":27},"end":{"line":39,"column":51}},"line":39}},"branchMap":{"0":{"loc":{"start":{"line":18,"column":4},"end":{"line":53,"column":5}},"type":"if","locations":[{"start":{"line":18,"column":4},"end":{"line":53,"column":5}},{"start":{},"end":{}}],"line":18},"1":{"loc":{"start":{"line":36,"column":13},"end":{"line":36,"column":60}},"type":"binary-expr","locations":[{"start":{"line":36,"column":13},"end":{"line":36,"column":29}},{"start":{"line":36,"column":33},"end":{"line":36,"column":60}}],"line":36}},"s":{"0":7,"1":7,"2":6,"3":3,"4":13,"5":6,"6":1,"7":7},"f":{"0":7,"1":6,"2":3,"3":13,"4":1},"b":{"0":[6,7],"1":[6,6]},"_coverageSchema":"1a1c01bbd47fc00a2c39e90264f33305004495a9","hash":"29b526586cbfd41da73d29d82720229688574577"}
,"C:\\Users\\Toxic\\projet r5.04\\code-quality-testing-evaluation-Nithael\\packages\\frontend\\src\\components\\LoadingSpinner.js": {"path":"C:\\Users\\Toxic\\projet r5.04\\code-quality-testing-evaluation-Nithael\\packages\\frontend\\src\\components\\LoadingSpinner.js","statementMap":{"0":{"start":{"line":3,"column":23},"end":{"line":32,"column":1}},"1":{"start":{"line":4,"column":2},"end":{"line":31,"column":4}}},"fnMap":{"0":{"name":"(anonymous_0)","decl":{"start":{"line":3,"column":23},"end":{"line":3,"column":24}},"loc":{"start":{"line":3,"column":29},"end":{"line":32,"column":1}},"line":3}},"branchMap":{},"s":{"0":1,"1":4},"f":{"0":4},"b":{},"_coverageSchema":"1a1c01bbd47fc00a2c39e90264f33305004495a9","hash":"07b5ad76cdb2efb01ebcca3edbf9514cbd442dff"}
,"C:\\Users\\Toxic\\projet r5.04\\code-quality-testing-evaluation-Nithael\\packages\\frontend\\src\\components\\Navigation.js": {"path":"C:\\Users\\Toxic\\projet r5.04\\code-quality-testing-evaluation-Nithael\\packages\\frontend\\src\\components\\Navigation.js","statementMap":{"0":{"start":{"line":6,"column":19},"end":{"line":86,"column":1}},"1":{"start":{"line":7,"column":19},"end":{"line":7,"column":32}},"2":{"start":{"line":9,"column":15},"end":{"line":9,"column":63}},"3":{"start":{"line":11,"column":23},"end":{"line":15,"column":3}},"4":{"start":{"line":12,"column":4},"end":{"line":12,"column":13}},"5":{"start":{"line":13,"column":4},"end":{"line":13,"column":15}},"6":{"start":{"line":14,"column":4},"end":{"line":14,"column":23}},"7":{"start":{"line":17,"column":19},"end":{"line":22,"column":6}},"8":{"start":{"line":18,"column":17},"end":{"line":18,"column":38}},"9":{"start":{"line":19,"column":22},"end":{"line":19,"column":81}},"10":{"start":{"line":20,"column":24},"end":{"line":20,"column":78}},"11":{"start":{"line":21,"column":4},"end":{"line":21,"column":75}},"12":{"start":{"line":24,"column":2},"end":{"line":85,"column":4}}},"fnMap":{"0":{"name":"(anonymous_0)","decl":{"start":{"line":6,"column":19},"end":{"line":6,"column":20}},"loc":{"start":{"line":6,"column":37},"end":{"line":86,"column":1}},"line":6},"1":{"name":"(anonymous_1)","decl":{"start":{"line":11,"column":23},"end":{"line":11,"column":24}},"loc":{"start":{"line":11,"column":29},"end":{"line":15,"column":3}},"line":11},"2":{"name":"(anonymous_2)","decl":{"start":{"line":17,"column":20},"end":{"line":17,"column":21}},"loc":{"start":{"line":17,"column":26},"end":{"line":22,"column":3}},"line":17}},"branchMap":{"0":{"loc":{"start":{"line":9,"column":26},"end":{"line":9,"column":62}},"type":"binary-expr","locations":[{"start":{"line":9,"column":26},"end":{"line":9,"column":54}},{"start":{"line":9,"column":58},"end":{"line":9,"column":62}}],"line":9},"1":{"loc":{"start":{"line":19,"column":22},"end":{"line":19,"column":81}},"type":"cond-expr","locations":[{"start":{"line":19,"column":34},"end":{"line":19,"column":43}},{"start":{"line":19,"column":46},"end":{"line":19,"column":81}}],"line":19},"2":{"loc":{"start":{"line":19,"column":46},"end":{"line":19,"column":81}},"type":"cond-expr","locations":[{"start":{"line":19,"column":58},"end":{"line":19,"column":69}},{"start":{"line":19,"column":72},"end":{"line":19,"column":81}}],"line":19},"3":{"loc":{"start":{"line":21,"column":33},"end":{"line":21,"column":57}},"type":"binary-expr","locations":[{"start":{"line":21,"column":33},"end":{"line":21,"column":47}},{"start":{"line":21,"column":51},"end":{"line":21,"column":57}}],"line":21}},"s":{"0":1,"1":8,"2":8,"3":8,"4":1,"5":1,"6":1,"7":8,"8":8,"9":8,"10":8,"11":8,"12":8},"f":{"0":8,"1":1,"2":8},"b":{"0":[8,0],"1":[8,0],"2":[0,0],"3":[8,1]},"_coverageSchema":"1a1c01bbd47fc00a2c39e90264f33305004495a9","hash":"698653c7390ab0ae8847c0d369b6eab8f61d0277"}
,"C:\\Users\\Toxic\\projet r5.04\\code-quality-testing-evaluation-Nithael\\packages\\frontend\\src\\hooks\\useApi.js": {"path":"C:\\Users\\Toxic\\projet r5.04\\code-quality-testing-evaluation-Nithael\\packages\\frontend\\src\\hooks\\useApi.js","statementMap":{"0":{"start":{"line":4,"column":22},"end":{"line":47,"column":1}},"1":{"start":{"line":5,"column":32},"end":{"line":5,"column":47}},"2":{"start":{"line":6,"column":28},"end":{"line":6,"column":42}},"3":{"start":{"line":8,"column":18},"end":{"line":31,"column":8}},"4":{"start":{"line":9,"column":18},"end":{"line":9,"column":47}},"5":{"start":{"line":11,"column":4},"end":{"line":30,"column":5}},"6":{"start":{"line":12,"column":6},"end":{"line":12,"column":23}},"7":{"start":{"line":13,"column":6},"end":{"line":13,"column":21}},"8":{"start":{"line":15,"column":23},"end":{"line":21,"column":8}},"9":{"start":{"line":23,"column":6},"end":{"line":23,"column":27}},"10":{"start":{"line":25,"column":27},"end":{"line":25,"column":90}},"11":{"start":{"line":26,"column":6},"end":{"line":26,"column":29}},"12":{"start":{"line":27,"column":6},"end":{"line":27,"column":16}},"13":{"start":{"line":29,"column":6},"end":{"line":29,"column":24}},"14":{"start":{"line":33,"column":14},"end":{"line":33,"column":54}},"15":{"start":{"line":33,"column":23},"end":{"line":33,"column":54}},"16":{"start":{"line":34,"column":15},"end":{"line":34,"column":68}},"17":{"start":{"line":34,"column":30},"end":{"line":34,"column":68}},"18":{"start":{"line":35,"column":14},"end":{"line":35,"column":66}},"19":{"start":{"line":35,"column":29},"end":{"line":35,"column":66}},"20":{"start":{"line":36,"column":14},"end":{"line":36,"column":57}},"21":{"start":{"line":36,"column":23},"end":{"line":36,"column":57}},"22":{"start":{"line":38,"column":2},"end":{"line":46,"column":4}}},"fnMap":{"0":{"name":"(anonymous_0)","decl":{"start":{"line":4,"column":22},"end":{"line":4,"column":23}},"loc":{"start":{"line":4,"column":28},"end":{"line":47,"column":1}},"line":4},"1":{"name":"(anonymous_1)","decl":{"start":{"line":8,"column":30},"end":{"line":8,"column":31}},"loc":{"start":{"line":8,"column":48},"end":{"line":31,"column":3}},"line":8},"2":{"name":"(anonymous_2)","decl":{"start":{"line":33,"column":14},"end":{"line":33,"column":15}},"loc":{"start":{"line":33,"column":23},"end":{"line":33,"column":54}},"line":33},"3":{"name":"(anonymous_3)","decl":{"start":{"line":34,"column":15},"end":{"line":34,"column":16}},"loc":{"start":{"line":34,"column":30},"end":{"line":34,"column":68}},"line":34},"4":{"name":"(anonymous_4)","decl":{"start":{"line":35,"column":14},"end":{"line":35,"column":15}},"loc":{"start":{"line":35,"column":29},"end":{"line":35,"column":66}},"line":35},"5":{"name":"(anonymous_5)","decl":{"start":{"line":36,"column":14},"end":{"line":36,"column":15}},"loc":{"start":{"line":36,"column":23},"end":{"line":36,"column":57}},"line":36}},"branchMap":{"0":{"loc":{"start":{"line":19,"column":25},"end":{"line":19,"column":62}},"type":"cond-expr","locations":[{"start":{"line":19,"column":33},"end":{"line":19,"column":50}},{"start":{"line":19,"column":53},"end":{"line":19,"column":62}}],"line":19},"1":{"loc":{"start":{"line":25,"column":27},"end":{"line":25,"column":90}},"type":"binary-expr","locations":[{"start":{"line":25,"column":27},"end":{"line":25,"column":52}},{"start":{"line":25,"column":56},"end":{"line":25,"column":67}},{"start":{"line":25,"column":71},"end":{"line":25,"column":90}}],"line":25}},"s":{"0":1,"1":16,"2":16,"3":16,"4":10,"5":10,"6":10,"7":10,"8":10,"9":10,"10":10,"11":10,"12":10,"13":10,"14":16,"15":7,"16":16,"17":1,"18":16,"19":1,"20":16,"21":1,"22":16},"f":{"0":16,"1":10,"2":7,"3":1,"4":1,"5":1},"b":{"0":[1,9],"1":[10,10,0]},"_coverageSchema":"1a1c01bbd47fc00a2c39e90264f33305004495a9","hash":"0ba83dba8408742a8ea033c6380e84e06cf18af5"}
,"C:\\Users\\Toxic\\projet r5.04\\code-quality-testing-evaluation-Nithael\\packages\\frontend\\src\\hooks\\useAuth.js": {"path":"C:\\Users\\Toxic\\projet r5.04\\code-quality-testing-evaluation-Nithael\\packages\\frontend\\src\\hooks\\useAuth.js","statementMap":{"0":{"start":{"line":4,"column":23},"end":{"line":43,"column":1}},"1":{"start":{"line":5,"column":26},"end":{"line":5,"column":40}},"2":{"start":{"line":6,"column":32},"end":{"line":6,"column":46}},"3":{"start":{"line":7,"column":19},"end":{"line":7,"column":32}},"4":{"start":{"line":9,"column":2},"end":{"line":23,"column":9}},"5":{"start":{"line":10,"column":18},"end":{"line":10,"column":47}},"6":{"start":{"line":11,"column":21},"end":{"line":11,"column":49}},"7":{"start":{"line":13,"column":4},"end":{"line":21,"column":5}},"8":{"start":{"line":14,"column":6},"end":{"line":20,"column":7}},"9":{"start":{"line":15,"column":8},"end":{"line":15,"column":38}},"10":{"start":{"line":17,"column":8},"end":{"line":17,"column":57}},"11":{"start":{"line":18,"column":8},"end":{"line":18,"column":40}},"12":{"start":{"line":19,"column":8},"end":{"line":19,"column":41}},"13":{"start":{"line":22,"column":4},"end":{"line":22,"column":22}},"14":{"start":{"line":25,"column":16},"end":{"line":33,"column":3}},"15":{"start":{"line":26,"column":4},"end":{"line":32,"column":5}},"16":{"start":{"line":27,"column":6},"end":{"line":27,"column":43}},"17":{"start":{"line":28,"column":6},"end":{"line":28,"column":61}},"18":{"start":{"line":29,"column":6},"end":{"line":29,"column":24}},"19":{"start":{"line":31,"column":6},"end":{"line":31,"column":54}},"20":{"start":{"line":35,"column":17},"end":{"line":40,"column":3}},"21":{"start":{"line":36,"column":4},"end":{"line":36,"column":37}},"22":{"start":{"line":37,"column":4},"end":{"line":37,"column":36}},"23":{"start":{"line":38,"column":4},"end":{"line":38,"column":18}},"24":{"start":{"line":39,"column":4},"end":{"line":39,"column":23}},"25":{"start":{"line":42,"column":2},"end":{"line":42,"column":42}}},"fnMap":{"0":{"name":"(anonymous_0)","decl":{"start":{"line":4,"column":23},"end":{"line":4,"column":24}},"loc":{"start":{"line":4,"column":29},"end":{"line":43,"column":1}},"line":4},"1":{"name":"(anonymous_1)","decl":{"start":{"line":9,"column":12},"end":{"line":9,"column":13}},"loc":{"start":{"line":9,"column":18},"end":{"line":23,"column":3}},"line":9},"2":{"name":"(anonymous_2)","decl":{"start":{"line":25,"column":16},"end":{"line":25,"column":17}},"loc":{"start":{"line":25,"column":37},"end":{"line":33,"column":3}},"line":25},"3":{"name":"(anonymous_3)","decl":{"start":{"line":35,"column":17},"end":{"line":35,"column":18}},"loc":{"start":{"line":35,"column":23},"end":{"line":40,"column":3}},"line":35}},"branchMap":{"0":{"loc":{"start":{"line":13,"column":4},"end":{"line":21,"column":5}},"type":"if","locations":[{"start":{"line":13,"column":4},"end":{"line":21,"column":5}},{"start":{},"end":{}}],"line":13},"1":{"loc":{"start":{"line":13,"column":8},"end":{"line":13,"column":25}},"type":"binary-expr","locations":[{"start":{"line":13,"column":8},"end":{"line":13,"column":13}},{"start":{"line":13,"column":17},"end":{"line":13,"column":25}}],"line":13}},"s":{"0":1,"1":21,"2":21,"3":21,"4":21,"5":9,"6":9,"7":9,"8":4,"9":4,"10":1,"11":1,"12":1,"13":9,"14":21,"15":1,"16":1,"17":1,"18":1,"19":0,"20":21,"21":2,"22":2,"23":2,"24":2,"25":21},"f":{"0":21,"1":9,"2":1,"3":2},"b":{"0":[4,5],"1":[9,4]},"_coverageSchema":"1a1c01bbd47fc00a2c39e90264f33305004495a9","hash":"c08cb649cb61f799272f0bd999e89666b95249ef"}
,"C:\\Users\\Toxic\\projet r5.04\\code-quality-testing-evaluation-Nithael\\packages\\frontend\\src\\pages\\AddProduct.js": {"path":"C:\\Users\\Toxic\\projet r5.04\\code-quality-testing-evaluation-Nithael\\packages\\frontend\\src\\pages\\AddProduct.js","statementMap":{"0":{"start":{"line":6,"column":19},"end":{"line":163,"column":1}},"1":{"start":{"line":7,"column":26},"end":{"line":7,"column":38}},"2":{"start":{"line":8,"column":28},"end":{"line":8,"column":40}},"3":{"start":{"line":9,"column":28},"end":{"line":9,"column":40}},"4":{"start":{"line":10,"column":28},"end":{"line":10,"column":40}},"5":{"start":{"line":11,"column":19},"end":{"line":11,"column":32}},"6":{"start":{"line":13,"column":23},"end":{"line":32,"column":3}},"7":{"start":{"line":14,"column":4},"end":{"line":14,"column":23}},"8":{"start":{"line":16,"column":4},"end":{"line":19,"column":5}},"9":{"start":{"line":17,"column":6},"end":{"line":17,"column":43}},"10":{"start":{"line":18,"column":6},"end":{"line":18,"column":13}},"11":{"start":{"line":21,"column":4},"end":{"line":31,"column":5}},"12":{"start":{"line":22,"column":6},"end":{"line":26,"column":9}},"13":{"start":{"line":27,"column":6},"end":{"line":27,"column":28}},"14":{"start":{"line":29,"column":6},"end":{"line":29,"column":72}},"15":{"start":{"line":30,"column":6},"end":{"line":30,"column":52}},"16":{"start":{"line":34,"column":2},"end":{"line":162,"column":4}},"17":{"start":{"line":77,"column":29},"end":{"line":77,"column":52}},"18":{"start":{"line":97,"column":29},"end":{"line":97,"column":53}},"19":{"start":{"line":117,"column":29},"end":{"line":117,"column":53}},"20":{"start":{"line":131,"column":27},"end":{"line":131,"column":48}}},"fnMap":{"0":{"name":"(anonymous_0)","decl":{"start":{"line":6,"column":19},"end":{"line":6,"column":20}},"loc":{"start":{"line":6,"column":25},"end":{"line":163,"column":1}},"line":6},"1":{"name":"(anonymous_1)","decl":{"start":{"line":13,"column":23},"end":{"line":13,"column":24}},"loc":{"start":{"line":13,"column":36},"end":{"line":32,"column":3}},"line":13},"2":{"name":"(anonymous_2)","decl":{"start":{"line":77,"column":22},"end":{"line":77,"column":23}},"loc":{"start":{"line":77,"column":29},"end":{"line":77,"column":52}},"line":77},"3":{"name":"(anonymous_3)","decl":{"start":{"line":97,"column":22},"end":{"line":97,"column":23}},"loc":{"start":{"line":97,"column":29},"end":{"line":97,"column":53}},"line":97},"4":{"name":"(anonymous_4)","decl":{"start":{"line":117,"column":22},"end":{"line":117,"column":23}},"loc":{"start":{"line":117,"column":29},"end":{"line":117,"column":53}},"line":117},"5":{"name":"(anonymous_5)","decl":{"start":{"line":131,"column":21},"end":{"line":131,"column":22}},"loc":{"start":{"line":131,"column":27},"end":{"line":131,"column":48}},"line":131}},"branchMap":{"0":{"loc":{"start":{"line":16,"column":4},"end":{"line":19,"column":5}},"type":"if","locations":[{"start":{"line":16,"column":4},"end":{"line":19,"column":5}},{"start":{},"end":{}}],"line":16},"1":{"loc":{"start":{"line":16,"column":8},"end":{"line":16,"column":33}},"type":"binary-expr","locations":[{"start":{"line":16,"column":8},"end":{"line":16,"column":13}},{"start":{"line":16,"column":17},"end":{"line":16,"column":23}},{"start":{"line":16,"column":27},"end":{"line":16,"column":33}}],"line":16},"2":{"loc":{"start":{"line":29,"column":15},"end":{"line":29,"column":70}},"type":"binary-expr","locations":[{"start":{"line":29,"column":15},"end":{"line":29,"column":40}},{"start":{"line":29,"column":44},"end":{"line":29,"column":70}}],"line":29},"3":{"loc":{"start":{"line":46,"column":7},"end":{"line":58,"column":7}},"type":"binary-expr","locations":[{"start":{"line":46,"column":7},"end":{"line":46,"column":12}},{"start":{"line":47,"column":8},"end":{"line":57,"column":14}}],"line":46}},"s":{"0":1,"1":155,"2":155,"3":155,"4":155,"5":155,"6":155,"7":9,"8":9,"9":4,"10":4,"11":5,"12":5,"13":3,"14":2,"15":2,"16":155,"17":92,"18":26,"19":16,"20":1},"f":{"0":155,"1":9,"2":92,"3":26,"4":16,"5":1},"b":{"0":[4,5],"1":[9,7,6],"2":[2,2],"3":[155,6]},"_coverageSchema":"1a1c01bbd47fc00a2c39e90264f33305004495a9","hash":"83288e4fa2f00b46dbcce6f02dcce3325cbb8ecb"}
,"C:\\Users\\Toxic\\projet r5.04\\code-quality-testing-evaluation-Nithael\\packages\\frontend\\src\\pages\\Login.js": {"path":"C:\\Users\\Toxic\\projet r5.04\\code-quality-testing-evaluation-Nithael\\packages\\frontend\\src\\pages\\Login.js","statementMap":{"0":{"start":{"line":6,"column":14},"end":{"line":126,"column":1}},"1":{"start":{"line":7,"column":34},"end":{"line":7,"column":46}},"2":{"start":{"line":8,"column":34},"end":{"line":8,"column":46}},"3":{"start":{"line":9,"column":28},"end":{"line":9,"column":40}},"4":{"start":{"line":10,"column":19},"end":{"line":10,"column":32}},"5":{"start":{"line":12,"column":23},"end":{"line":30,"column":3}},"6":{"start":{"line":13,"column":4},"end":{"line":13,"column":23}},"7":{"start":{"line":14,"column":4},"end":{"line":29,"column":5}},"8":{"start":{"line":15,"column":19},"end":{"line":15,"column":54}},"9":{"start":{"line":17,"column":6},"end":{"line":23,"column":7}},"10":{"start":{"line":18,"column":8},"end":{"line":18,"column":18}},"11":{"start":{"line":19,"column":8},"end":{"line":19,"column":30}},"12":{"start":{"line":22,"column":8},"end":{"line":22,"column":63}},"13":{"start":{"line":26,"column":6},"end":{"line":28,"column":41}},"14":{"start":{"line":26,"column":28},"end":{"line":26,"column":48}},"15":{"start":{"line":27,"column":11},"end":{"line":28,"column":41}},"16":{"start":{"line":27,"column":35},"end":{"line":27,"column":57}},"17":{"start":{"line":28,"column":11},"end":{"line":28,"column":41}},"18":{"start":{"line":32,"column":2},"end":{"line":125,"column":4}},"19":{"start":{"line":73,"column":29},"end":{"line":73,"column":56}},"20":{"start":{"line":92,"column":29},"end":{"line":92,"column":56}}},"fnMap":{"0":{"name":"(anonymous_0)","decl":{"start":{"line":6,"column":14},"end":{"line":6,"column":15}},"loc":{"start":{"line":6,"column":31},"end":{"line":126,"column":1}},"line":6},"1":{"name":"(anonymous_1)","decl":{"start":{"line":12,"column":23},"end":{"line":12,"column":24}},"loc":{"start":{"line":12,"column":36},"end":{"line":30,"column":3}},"line":12},"2":{"name":"(anonymous_2)","decl":{"start":{"line":73,"column":22},"end":{"line":73,"column":23}},"loc":{"start":{"line":73,"column":29},"end":{"line":73,"column":56}},"line":73},"3":{"name":"(anonymous_3)","decl":{"start":{"line":92,"column":22},"end":{"line":92,"column":23}},"loc":{"start":{"line":92,"column":29},"end":{"line":92,"column":56}},"line":92}},"branchMap":{"0":{"loc":{"start":{"line":17,"column":6},"end":{"line":23,"column":7}},"type":"if","locations":[{"start":{"line":17,"column":6},"end":{"line":23,"column":7}},{"start":{"line":20,"column":13},"end":{"line":23,"column":7}}],"line":17},"1":{"loc":{"start":{"line":17,"column":10},"end":{"line":17,"column":27}},"type":"binary-expr","locations":[{"start":{"line":17,"column":10},"end":{"line":17,"column":14}},{"start":{"line":17,"column":18},"end":{"line":17,"column":27}}],"line":17},"2":{"loc":{"start":{"line":22,"column":17},"end":{"line":22,"column":61}},"type":"binary-expr","locations":[{"start":{"line":22,"column":17},"end":{"line":22,"column":27}},{"start":{"line":22,"column":31},"end":{"line":22,"column":61}}],"line":22},"3":{"loc":{"start":{"line":26,"column":6},"end":{"line":28,"column":41}},"type":"if","locations":[{"start":{"line":26,"column":6},"end":{"line":28,"column":41}},{"start":{"line":27,"column":11},"end":{"line":28,"column":41}}],"line":26},"4":{"loc":{"start":{"line":26,"column":10},"end":{"line":26,"column":26}},"type":"binary-expr","locations":[{"start":{"line":26,"column":10},"end":{"line":26,"column":13}},{"start":{"line":26,"column":17},"end":{"line":26,"column":26}}],"line":26},"5":{"loc":{"start":{"line":27,"column":11},"end":{"line":28,"column":41}},"type":"if","locations":[{"start":{"line":27,"column":11},"end":{"line":28,"column":41}},{"start":{"line":28,"column":11},"end":{"line":28,"column":41}}],"line":27},"6":{"loc":{"start":{"line":27,"column":15},"end":{"line":27,"column":33}},"type":"binary-expr","locations":[{"start":{"line":27,"column":15},"end":{"line":27,"column":18}},{"start":{"line":27,"column":22},"end":{"line":27,"column":33}}],"line":27},"7":{"loc":{"start":{"line":43,"column":7},"end":{"line":55,"column":7}},"type":"binary-expr","locations":[{"start":{"line":43,"column":7},"end":{"line":43,"column":12}},{"start":{"line":44,"column":8},"end":{"line":54,"column":14}}],"line":43}},"s":{"0":1,"1":163,"2":163,"3":163,"4":163,"5":163,"6":7,"7":7,"8":7,"9":6,"10":3,"11":0,"12":3,"13":4,"14":0,"15":4,"16":4,"17":0,"18":163,"19":61,"20":85},"f":{"0":163,"1":7,"2":61,"3":85},"b":{"0":[3,3],"1":[6,6],"2":[3,0],"3":[0,4],"4":[4,4],"5":[4,0],"6":[4,4],"7":[163,28]},"_coverageSchema":"1a1c01bbd47fc00a2c39e90264f33305004495a9","hash":"d70d6efa30f04bd9eb8b7a58313dfcccc18af2f6"}
,"C:\\Users\\Toxic\\projet r5.04\\code-quality-testing-evaluation-Nithael\\packages\\frontend\\src\\pages\\ProductList.js": {"path":"C:\\Users\\Toxic\\projet r5.04\\code-quality-testing-evaluation-Nithael\\packages\\frontend\\src\\pages\\ProductList.js","statementMap":{"0":{"start":{"line":6,"column":20},"end":{"line":258,"column":1}},"1":{"start":{"line":7,"column":34},"end":{"line":7,"column":46}},"2":{"start":{"line":8,"column":32},"end":{"line":8,"column":46}},"3":{"start":{"line":9,"column":28},"end":{"line":9,"column":42}},"4":{"start":{"line":10,"column":38},"end":{"line":10,"column":50}},"5":{"start":{"line":11,"column":40},"end":{"line":11,"column":52}},"6":{"start":{"line":12,"column":40},"end":{"line":12,"column":52}},"7":{"start":{"line":14,"column":2},"end":{"line":34,"column":9}},"8":{"start":{"line":15,"column":26},"end":{"line":32,"column":5}},"9":{"start":{"line":16,"column":6},"end":{"line":31,"column":7}},"10":{"start":{"line":17,"column":8},"end":{"line":17,"column":25}},"11":{"start":{"line":18,"column":21},"end":{"line":18,"column":40}},"12":{"start":{"line":19,"column":30},"end":{"line":24,"column":11}},"13":{"start":{"line":19,"column":50},"end":{"line":24,"column":9}},"14":{"start":{"line":25,"column":8},"end":{"line":25,"column":35}},"15":{"start":{"line":27,"column":8},"end":{"line":27,"column":44}},"16":{"start":{"line":28,"column":8},"end":{"line":28,"column":27}},"17":{"start":{"line":30,"column":8},"end":{"line":30,"column":26}},"18":{"start":{"line":33,"column":4},"end":{"line":33,"column":20}},"19":{"start":{"line":36,"column":27},"end":{"line":108,"column":54}},"20":{"start":{"line":37,"column":27},"end":{"line":74,"column":6}},"21":{"start":{"line":38,"column":6},"end":{"line":38,"column":35}},"22":{"start":{"line":38,"column":23},"end":{"line":38,"column":35}},"23":{"start":{"line":40,"column":26},"end":{"line":40,"column":61}},"24":{"start":{"line":42,"column":30},"end":{"line":42,"column":63}},"25":{"start":{"line":44,"column":6},"end":{"line":73,"column":8}},"26":{"start":{"line":45,"column":8},"end":{"line":72,"column":10}},"27":{"start":{"line":46,"column":33},"end":{"line":46,"column":58}},"28":{"start":{"line":47,"column":35},"end":{"line":47,"column":66}},"29":{"start":{"line":50,"column":27},"end":{"line":52,"column":69}},"30":{"start":{"line":52,"column":23},"end":{"line":52,"column":68}},"31":{"start":{"line":54,"column":10},"end":{"line":56,"column":11}},"32":{"start":{"line":54,"column":23},"end":{"line":54,"column":24}},"33":{"start":{"line":55,"column":12},"end":{"line":55,"column":31}},"34":{"start":{"line":58,"column":10},"end":{"line":60,"column":11}},"35":{"start":{"line":58,"column":23},"end":{"line":58,"column":24}},"36":{"start":{"line":59,"column":12},"end":{"line":59,"column":31}},"37":{"start":{"line":62,"column":10},"end":{"line":68,"column":11}},"38":{"start":{"line":62,"column":23},"end":{"line":62,"column":24}},"39":{"start":{"line":63,"column":12},"end":{"line":67,"column":13}},"40":{"start":{"line":63,"column":25},"end":{"line":63,"column":26}},"41":{"start":{"line":64,"column":27},"end":{"line":64,"column":84}},"42":{"start":{"line":66,"column":14},"end":{"line":66,"column":119}},"43":{"start":{"line":71,"column":10},"end":{"line":71,"column":79}},"44":{"start":{"line":76,"column":26},"end":{"line":90,"column":6}},"45":{"start":{"line":77,"column":6},"end":{"line":77,"column":36}},"46":{"start":{"line":77,"column":24},"end":{"line":77,"column":36}},"47":{"start":{"line":79,"column":20},"end":{"line":79,"column":45}},"48":{"start":{"line":80,"column":6},"end":{"line":89,"column":7}},"49":{"start":{"line":82,"column":10},"end":{"line":82,"column":65}},"50":{"start":{"line":84,"column":10},"end":{"line":84,"column":82}},"51":{"start":{"line":86,"column":10},"end":{"line":86,"column":71}},"52":{"start":{"line":88,"column":10},"end":{"line":88,"column":22}},"53":{"start":{"line":92,"column":4},"end":{"line":107,"column":7}},"54":{"start":{"line":93,"column":6},"end":{"line":93,"column":36}},"55":{"start":{"line":93,"column":24},"end":{"line":93,"column":36}},"56":{"start":{"line":95,"column":23},"end":{"line":95,"column":46}},"57":{"start":{"line":97,"column":6},"end":{"line":106,"column":7}},"58":{"start":{"line":99,"column":10},"end":{"line":99,"column":65}},"59":{"start":{"line":101,"column":10},"end":{"line":101,"column":80}},"60":{"start":{"line":103,"column":10},"end":{"line":103,"column":71}},"61":{"start":{"line":105,"column":10},"end":{"line":105,"column":22}},"62":{"start":{"line":110,"column":2},"end":{"line":257,"column":4}},"63":{"start":{"line":166,"column":27},"end":{"line":166,"column":56}},"64":{"start":{"line":177,"column":27},"end":{"line":177,"column":57}},"65":{"start":{"line":192,"column":27},"end":{"line":192,"column":57}},"66":{"start":{"line":228,"column":10},"end":{"line":247,"column":16}}},"fnMap":{"0":{"name":"(anonymous_0)","decl":{"start":{"line":6,"column":20},"end":{"line":6,"column":21}},"loc":{"start":{"line":6,"column":26},"end":{"line":258,"column":1}},"line":6},"1":{"name":"(anonymous_1)","decl":{"start":{"line":14,"column":12},"end":{"line":14,"column":13}},"loc":{"start":{"line":14,"column":18},"end":{"line":34,"column":3}},"line":14},"2":{"name":"(anonymous_2)","decl":{"start":{"line":15,"column":26},"end":{"line":15,"column":27}},"loc":{"start":{"line":15,"column":38},"end":{"line":32,"column":5}},"line":15},"3":{"name":"(anonymous_3)","decl":{"start":{"line":19,"column":39},"end":{"line":19,"column":40}},"loc":{"start":{"line":19,"column":50},"end":{"line":24,"column":9}},"line":19},"4":{"name":"(anonymous_4)","decl":{"start":{"line":36,"column":35},"end":{"line":36,"column":36}},"loc":{"start":{"line":36,"column":41},"end":{"line":108,"column":3}},"line":36},"5":{"name":"(anonymous_5)","decl":{"start":{"line":37,"column":43},"end":{"line":37,"column":44}},"loc":{"start":{"line":37,"column":56},"end":{"line":74,"column":5}},"line":37},"6":{"name":"(anonymous_6)","decl":{"start":{"line":44,"column":31},"end":{"line":44,"column":32}},"loc":{"start":{"line":45,"column":8},"end":{"line":72,"column":10}},"line":45},"7":{"name":"(anonymous_7)","decl":{"start":{"line":45,"column":29},"end":{"line":45,"column":30}},"loc":{"start":{"line":45,"column":39},"end":{"line":72,"column":9}},"line":45},"8":{"name":"(anonymous_8)","decl":{"start":{"line":52,"column":17},"end":{"line":52,"column":18}},"loc":{"start":{"line":52,"column":23},"end":{"line":52,"column":68}},"line":52},"9":{"name":"(anonymous_9)","decl":{"start":{"line":76,"column":48},"end":{"line":76,"column":49}},"loc":{"start":{"line":76,"column":61},"end":{"line":90,"column":5}},"line":76},"10":{"name":"(anonymous_10)","decl":{"start":{"line":92,"column":32},"end":{"line":92,"column":33}},"loc":{"start":{"line":92,"column":45},"end":{"line":107,"column":5}},"line":92},"11":{"name":"(anonymous_11)","decl":{"start":{"line":166,"column":20},"end":{"line":166,"column":21}},"loc":{"start":{"line":166,"column":27},"end":{"line":166,"column":56}},"line":166},"12":{"name":"(anonymous_12)","decl":{"start":{"line":177,"column":20},"end":{"line":177,"column":21}},"loc":{"start":{"line":177,"column":27},"end":{"line":177,"column":57}},"line":177},"13":{"name":"(anonymous_13)","decl":{"start":{"line":192,"column":20},"end":{"line":192,"column":21}},"loc":{"start":{"line":192,"column":27},"end":{"line":192,"column":57}},"line":192},"14":{"name":"(anonymous_14)","decl":{"start":{"line":227,"column":30},"end":{"line":227,"column":31}},"loc":{"start":{"line":228,"column":10},"end":{"line":247,"column":16}},"line":228}},"branchMap":{"0":{"loc":{"start":{"line":21,"column":25},"end":{"line":21,"column":94}},"type":"cond-expr","locations":[{"start":{"line":21,"column":43},"end":{"line":21,"column":50}},{"start":{"line":21,"column":53},"end":{"line":21,"column":94}}],"line":21},"1":{"loc":{"start":{"line":21,"column":53},"end":{"line":21,"column":94}},"type":"cond-expr","locations":[{"start":{"line":21,"column":72},"end":{"line":21,"column":80}},{"start":{"line":21,"column":83},"end":{"line":21,"column":94}}],"line":21},"2":{"loc":{"start":{"line":23,"column":23},"end":{"line":23,"column":87}},"type":"cond-expr","locations":[{"start":{"line":23,"column":42},"end":{"line":23,"column":47}},{"start":{"line":23,"column":50},"end":{"line":23,"column":87}}],"line":23},"3":{"loc":{"start":{"line":23,"column":50},"end":{"line":23,"column":87}},"type":"cond-expr","locations":[{"start":{"line":23,"column":68},"end":{"line":23,"column":73}},{"start":{"line":23,"column":76},"end":{"line":23,"column":87}}],"line":23},"4":{"loc":{"start":{"line":38,"column":6},"end":{"line":38,"column":35}},"type":"if","locations":[{"start":{"line":38,"column":6},"end":{"line":38,"column":35}},{"start":{},"end":{}}],"line":38},"5":{"loc":{"start":{"line":64,"column":27},"end":{"line":64,"column":84}},"type":"cond-expr","locations":[{"start":{"line":64,"column":79},"end":{"line":64,"column":80}},{"start":{"line":64,"column":83},"end":{"line":64,"column":84}}],"line":64},"6":{"loc":{"start":{"line":77,"column":6},"end":{"line":77,"column":36}},"type":"if","locations":[{"start":{"line":77,"column":6},"end":{"line":77,"column":36}},{"start":{},"end":{}}],"line":77},"7":{"loc":{"start":{"line":80,"column":6},"end":{"line":89,"column":7}},"type":"switch","locations":[{"start":{"line":81,"column":8},"end":{"line":82,"column":65}},{"start":{"line":83,"column":8},"end":{"line":84,"column":82}},{"start":{"line":85,"column":8},"end":{"line":86,"column":71}},{"start":{"line":87,"column":8},"end":{"line":88,"column":22}}],"line":80},"8":{"loc":{"start":{"line":82,"column":17},"end":{"line":82,"column":64}},"type":"binary-expr","locations":[{"start":{"line":82,"column":17},"end":{"line":82,"column":27}},{"start":{"line":82,"column":31},"end":{"line":82,"column":64}}],"line":82},"9":{"loc":{"start":{"line":84,"column":17},"end":{"line":84,"column":81}},"type":"binary-expr","locations":[{"start":{"line":84,"column":17},"end":{"line":84,"column":28}},{"start":{"line":84,"column":32},"end":{"line":84,"column":43}},{"start":{"line":84,"column":47},"end":{"line":84,"column":81}}],"line":84},"10":{"loc":{"start":{"line":86,"column":17},"end":{"line":86,"column":70}},"type":"binary-expr","locations":[{"start":{"line":86,"column":17},"end":{"line":86,"column":29}},{"start":{"line":86,"column":33},"end":{"line":86,"column":70}}],"line":86},"11":{"loc":{"start":{"line":93,"column":6},"end":{"line":93,"column":36}},"type":"if","locations":[{"start":{"line":93,"column":6},"end":{"line":93,"column":36}},{"start":{},"end":{}}],"line":93},"12":{"loc":{"start":{"line":97,"column":6},"end":{"line":106,"column":7}},"type":"switch","locations":[{"start":{"line":98,"column":8},"end":{"line":99,"column":65}},{"start":{"line":100,"column":8},"end":{"line":101,"column":80}},{"start":{"line":102,"column":8},"end":{"line":103,"column":71}},{"start":{"line":104,"column":8},"end":{"line":105,"column":22}}],"line":97},"13":{"loc":{"start":{"line":99,"column":17},"end":{"line":99,"column":64}},"type":"binary-expr","locations":[{"start":{"line":99,"column":17},"end":{"line":99,"column":31}},{"start":{"line":99,"column":35},"end":{"line":99,"column":64}}],"line":99},"14":{"loc":{"start":{"line":101,"column":17},"end":{"line":101,"column":79}},"type":"binary-expr","locations":[{"start":{"line":101,"column":17},"end":{"line":101,"column":29}},{"start":{"line":101,"column":33},"end":{"line":101,"column":46}},{"start":{"line":101,"column":50},"end":{"line":101,"column":79}}],"line":101},"15":{"loc":{"start":{"line":103,"column":17},"end":{"line":103,"column":70}},"type":"binary-expr","locations":[{"start":{"line":103,"column":17},"end":{"line":103,"column":31}},{"start":{"line":103,"column":35},"end":{"line":103,"column":70}}],"line":103},"16":{"loc":{"start":{"line":137,"column":7},"end":{"line":137,"column":48}},"type":"binary-expr","locations":[{"start":{"line":137,"column":7},"end":{"line":137,"column":14}},{"start":{"line":137,"column":18},"end":{"line":137,"column":48}}],"line":137},"17":{"loc":{"start":{"line":139,"column":7},"end":{"line":151,"column":7}},"type":"binary-expr","locations":[{"start":{"line":139,"column":7},"end":{"line":139,"column":12}},{"start":{"line":140,"column":8},"end":{"line":150,"column":14}}],"line":139},"18":{"loc":{"start":{"line":153,"column":7},"end":{"line":255,"column":7}},"type":"binary-expr","locations":[{"start":{"line":153,"column":7},"end":{"line":153,"column":15}},{"start":{"line":153,"column":19},"end":{"line":153,"column":25}},{"start":{"line":154,"column":8},"end":{"line":254,"column":11}}],"line":153},"19":{"loc":{"start":{"line":206,"column":7},"end":{"line":218,"column":7}},"type":"binary-expr","locations":[{"start":{"line":206,"column":7},"end":{"line":206,"column":12}},{"start":{"line":207,"column":8},"end":{"line":217,"column":14}}],"line":206},"20":{"loc":{"start":{"line":241,"column":23},"end":{"line":241,"column":64}},"type":"cond-expr","locations":[{"start":{"line":241,"column":43},"end":{"line":241,"column":52}},{"start":{"line":241,"column":55},"end":{"line":241,"column":64}}],"line":241},"21":{"loc":{"start":{"line":251,"column":7},"end":{"line":253,"column":7}},"type":"binary-expr","locations":[{"start":{"line":251,"column":7},"end":{"line":251,"column":36}},{"start":{"line":252,"column":8},"end":{"line":252,"column":102}}],"line":251}},"s":{"0":1,"1":92,"2":91,"3":91,"4":91,"5":91,"6":91,"7":91,"8":21,"9":21,"10":21,"11":21,"12":19,"13":95,"14":19,"15":1,"16":1,"17":20,"18":21,"19":91,"20":90,"21":345,"22":120,"23":225,"24":225,"25":225,"26":225,"27":627,"28":627,"29":627,"30":3057,"31":627,"32":627,"33":3057,"34":627,"35":627,"36":4308,"37":627,"38":627,"39":2430,"40":2430,"41":13980,"42":13980,"43":627,"44":90,"45":192,"46":176,"47":16,"48":16,"49":5,"50":5,"51":6,"52":0,"53":90,"54":182,"55":167,"56":15,"57":15,"58":5,"59":5,"60":5,"61":0,"62":91,"63":43,"64":5,"65":4,"66":172},"f":{"0":92,"1":21,"2":21,"3":95,"4":90,"5":345,"6":225,"7":627,"8":3057,"9":192,"10":182,"11":43,"12":5,"13":4,"14":172},"b":{"0":[19,76],"1":[19,57],"2":[19,76],"3":[57,19],"4":[120,225],"5":[661,13319],"6":[176,16],"7":[5,5,6,0],"8":[5,1],"9":[5,4,1],"10":[6,4],"11":[167,15],"12":[5,5,5,0],"13":[5,1],"14":[5,4,3],"15":[5,1],"16":[91,21],"17":[91,1],"18":[91,70,69],"19":[69,0],"20":[140,32],"21":[69,21]},"_coverageSchema":"1a1c01bbd47fc00a2c39e90264f33305004495a9","hash":"6b5c794ef2a134aea12b12a44215e975cfe4b45f"}
,"C:\\Users\\Toxic\\projet r5.04\\code-quality-testing-evaluation-Nithael\\packages\\frontend\\src\\pages\\Register.js": {"path":"C:\\Users\\Toxic\\projet r5.04\\code-quality-testing-evaluation-Nithael\\packages\\frontend\\src\\pages\\Register.js","statementMap":{"0":{"start":{"line":6,"column":17},"end":{"line":167,"column":1}},"1":{"start":{"line":7,"column":34},"end":{"line":12,"column":4}},"2":{"start":{"line":13,"column":28},"end":{"line":13,"column":40}},"3":{"start":{"line":14,"column":19},"end":{"line":14,"column":32}},"4":{"start":{"line":16,"column":23},"end":{"line":24,"column":3}},"5":{"start":{"line":17,"column":4},"end":{"line":17,"column":23}},"6":{"start":{"line":18,"column":4},"end":{"line":23,"column":5}},"7":{"start":{"line":19,"column":6},"end":{"line":19,"column":35}},"8":{"start":{"line":20,"column":6},"end":{"line":20,"column":28}},"9":{"start":{"line":22,"column":6},"end":{"line":22,"column":67}},"10":{"start":{"line":26,"column":23},"end":{"line":29,"column":3}},"11":{"start":{"line":27,"column":28},"end":{"line":27,"column":36}},"12":{"start":{"line":28,"column":4},"end":{"line":28,"column":56}},"13":{"start":{"line":28,"column":27},"end":{"line":28,"column":53}},"14":{"start":{"line":31,"column":2},"end":{"line":166,"column":4}}},"fnMap":{"0":{"name":"(anonymous_0)","decl":{"start":{"line":6,"column":17},"end":{"line":6,"column":18}},"loc":{"start":{"line":6,"column":23},"end":{"line":167,"column":1}},"line":6},"1":{"name":"(anonymous_1)","decl":{"start":{"line":16,"column":23},"end":{"line":16,"column":24}},"loc":{"start":{"line":16,"column":36},"end":{"line":24,"column":3}},"line":16},"2":{"name":"(anonymous_2)","decl":{"start":{"line":26,"column":23},"end":{"line":26,"column":24}},"loc":{"start":{"line":26,"column":30},"end":{"line":29,"column":3}},"line":26},"3":{"name":"(anonymous_3)","decl":{"start":{"line":28,"column":16},"end":{"line":28,"column":17}},"loc":{"start":{"line":28,"column":27},"end":{"line":28,"column":53}},"line":28}},"branchMap":{"0":{"loc":{"start":{"line":22,"column":15},"end":{"line":22,"column":65}},"type":"binary-expr","locations":[{"start":{"line":22,"column":15},"end":{"line":22,"column":40}},{"start":{"line":22,"column":44},"end":{"line":22,"column":65}}],"line":22},"1":{"loc":{"start":{"line":42,"column":7},"end":{"line":54,"column":7}},"type":"binary-expr","locations":[{"start":{"line":42,"column":7},"end":{"line":42,"column":12}},{"start":{"line":43,"column":8},"end":{"line":53,"column":14}}],"line":42}},"s":{"0":1,"1":178,"2":178,"3":178,"4":178,"5":6,"6":6,"7":6,"8":5,"9":1,"10":178,"11":165,"12":165,"13":165,"14":178},"f":{"0":178,"1":6,"2":165,"3":165},"b":{"0":[1,1],"1":[178,1]},"_coverageSchema":"1a1c01bbd47fc00a2c39e90264f33305004495a9","hash":"2833be2e1c3fe1a16a475807628ee07bdddae0a9"}
,"C:\\Users\\Toxic\\projet r5.04\\code-quality-testing-evaluation-Nithael\\packages\\frontend\\src\\pages\\UserList.js": {"path":"C:\\Users\\Toxic\\projet r5.04\\code-quality-testing-evaluation-Nithael\\packages\\frontend\\src\\pages\\UserList.js","statementMap":{"0":{"start":{"line":5,"column":17},"end":{"line":306,"column":1}},"1":{"start":{"line":6,"column":28},"end":{"line":6,"column":40}},"2":{"start":{"line":7,"column":32},"end":{"line":7,"column":46}},"3":{"start":{"line":8,"column":28},"end":{"line":8,"column":42}},"4":{"start":{"line":9,"column":38},"end":{"line":9,"column":50}},"5":{"start":{"line":10,"column":42},"end":{"line":10,"column":54}},"6":{"start":{"line":11,"column":36},"end":{"line":11,"column":52}},"7":{"start":{"line":12,"column":44},"end":{"line":12,"column":59}},"8":{"start":{"line":14,"column":2},"end":{"line":42,"column":9}},"9":{"start":{"line":15,"column":23},"end":{"line":40,"column":5}},"10":{"start":{"line":16,"column":6},"end":{"line":39,"column":7}},"11":{"start":{"line":17,"column":8},"end":{"line":17,"column":25}},"12":{"start":{"line":18,"column":21},"end":{"line":18,"column":37}},"13":{"start":{"line":19,"column":31},"end":{"line":32,"column":11}},"14":{"start":{"line":19,"column":51},"end":{"line":32,"column":9}},"15":{"start":{"line":24,"column":28},"end":{"line":24,"column":53}},"16":{"start":{"line":25,"column":24},"end":{"line":25,"column":34}},"17":{"start":{"line":26,"column":29},"end":{"line":26,"column":52}},"18":{"start":{"line":27,"column":29},"end":{"line":27,"column":72}},"19":{"start":{"line":28,"column":12},"end":{"line":28,"column":75}},"20":{"start":{"line":33,"column":8},"end":{"line":33,"column":33}},"21":{"start":{"line":35,"column":8},"end":{"line":35,"column":41}},"22":{"start":{"line":36,"column":8},"end":{"line":36,"column":27}},"23":{"start":{"line":38,"column":8},"end":{"line":38,"column":26}},"24":{"start":{"line":41,"column":4},"end":{"line":41,"column":17}},"25":{"start":{"line":44,"column":22},"end":{"line":96,"column":8}},"26":{"start":{"line":45,"column":4},"end":{"line":45,"column":27}},"27":{"start":{"line":45,"column":15},"end":{"line":45,"column":27}},"28":{"start":{"line":47,"column":24},"end":{"line":47,"column":53}},"29":{"start":{"line":49,"column":25},"end":{"line":54,"column":5}},"30":{"start":{"line":56,"column":4},"end":{"line":95,"column":7}},"31":{"start":{"line":57,"column":28},"end":{"line":60,"column":9}},"32":{"start":{"line":57,"column":57},"end":{"line":60,"column":7}},"33":{"start":{"line":62,"column":6},"end":{"line":94,"column":9}},"34":{"start":{"line":63,"column":22},"end":{"line":63,"column":45}},"35":{"start":{"line":64,"column":8},"end":{"line":93,"column":11}},"36":{"start":{"line":65,"column":38},"end":{"line":65,"column":68}},"37":{"start":{"line":66,"column":39},"end":{"line":66,"column":64}},"38":{"start":{"line":68,"column":10},"end":{"line":70,"column":11}},"39":{"start":{"line":69,"column":12},"end":{"line":69,"column":40}},"40":{"start":{"line":72,"column":25},"end":{"line":74,"column":73}},"41":{"start":{"line":74,"column":23},"end":{"line":74,"column":72}},"42":{"start":{"line":76,"column":10},"end":{"line":78,"column":11}},"43":{"start":{"line":76,"column":23},"end":{"line":76,"column":24}},"44":{"start":{"line":77,"column":12},"end":{"line":77,"column":29}},"45":{"start":{"line":79,"column":10},"end":{"line":81,"column":11}},"46":{"start":{"line":79,"column":23},"end":{"line":79,"column":24}},"47":{"start":{"line":80,"column":12},"end":{"line":80,"column":29}},"48":{"start":{"line":83,"column":10},"end":{"line":88,"column":11}},"49":{"start":{"line":83,"column":23},"end":{"line":83,"column":24}},"50":{"start":{"line":84,"column":12},"end":{"line":87,"column":13}},"51":{"start":{"line":84,"column":25},"end":{"line":84,"column":26}},"52":{"start":{"line":85,"column":27},"end":{"line":85,"column":93}},"53":{"start":{"line":86,"column":14},"end":{"line":86,"column":111}},"54":{"start":{"line":90,"column":28},"end":{"line":90,"column":93}},"55":{"start":{"line":91,"column":28},"end":{"line":91,"column":55}},"56":{"start":{"line":92,"column":10},"end":{"line":92,"column":94}},"57":{"start":{"line":98,"column":20},"end":{"line":127,"column":3}},"58":{"start":{"line":102,"column":6},"end":{"line":118,"column":7}},"59":{"start":{"line":104,"column":10},"end":{"line":104,"column":70}},"60":{"start":{"line":105,"column":10},"end":{"line":105,"column":70}},"61":{"start":{"line":106,"column":10},"end":{"line":106,"column":16}},"62":{"start":{"line":108,"column":10},"end":{"line":108,"column":51}},"63":{"start":{"line":109,"column":10},"end":{"line":109,"column":51}},"64":{"start":{"line":110,"column":10},"end":{"line":110,"column":16}},"65":{"start":{"line":112,"column":10},"end":{"line":112,"column":59}},"66":{"start":{"line":113,"column":10},"end":{"line":113,"column":59}},"67":{"start":{"line":114,"column":10},"end":{"line":114,"column":16}},"68":{"start":{"line":116,"column":10},"end":{"line":116,"column":39}},"69":{"start":{"line":117,"column":10},"end":{"line":117,"column":39}},"70":{"start":{"line":120,"column":6},"end":{"line":124,"column":7}},"71":{"start":{"line":121,"column":8},"end":{"line":121,"column":90}},"72":{"start":{"line":123,"column":8},"end":{"line":123,"column":90}},"73":{"start":{"line":129,"column":24},"end":{"line":159,"column":63}},"74":{"start":{"line":130,"column":4},"end":{"line":158,"column":23}},"75":{"start":{"line":132,"column":28},"end":{"line":132,"column":57}},"76":{"start":{"line":134,"column":26},"end":{"line":134,"column":30}},"77":{"start":{"line":135,"column":8},"end":{"line":154,"column":9}},"78":{"start":{"line":136,"column":22},"end":{"line":136,"column":32}},"79":{"start":{"line":137,"column":27},"end":{"line":137,"column":52}},"80":{"start":{"line":138,"column":27},"end":{"line":138,"column":51}},"81":{"start":{"line":139,"column":27},"end":{"line":139,"column":70}},"82":{"start":{"line":141,"column":10},"end":{"line":153,"column":11}},"83":{"start":{"line":143,"column":14},"end":{"line":143,"column":75}},"84":{"start":{"line":144,"column":14},"end":{"line":144,"column":20}},"85":{"start":{"line":146,"column":14},"end":{"line":146,"column":79}},"86":{"start":{"line":147,"column":14},"end":{"line":147,"column":20}},"87":{"start":{"line":149,"column":14},"end":{"line":149,"column":75}},"88":{"start":{"line":150,"column":14},"end":{"line":150,"column":20}},"89":{"start":{"line":152,"column":14},"end":{"line":152,"column":33}},"90":{"start":{"line":156,"column":8},"end":{"line":156,"column":42}},"91":{"start":{"line":161,"column":2},"end":{"line":305,"column":4}},"92":{"start":{"line":194,"column":27},"end":{"line":194,"column":56}},"93":{"start":{"line":205,"column":27},"end":{"line":205,"column":58}},"94":{"start":{"line":220,"column":27},"end":{"line":220,"column":55}},"95":{"start":{"line":233,"column":25},"end":{"line":233,"column":86}},"96":{"start":{"line":233,"column":53},"end":{"line":233,"column":84}},"97":{"start":{"line":267,"column":10},"end":{"line":295,"column":16}}},"fnMap":{"0":{"name":"(anonymous_0)","decl":{"start":{"line":5,"column":17},"end":{"line":5,"column":18}},"loc":{"start":{"line":5,"column":23},"end":{"line":306,"column":1}},"line":5},"1":{"name":"(anonymous_1)","decl":{"start":{"line":14,"column":12},"end":{"line":14,"column":13}},"loc":{"start":{"line":14,"column":18},"end":{"line":42,"column":3}},"line":14},"2":{"name":"(anonymous_2)","decl":{"start":{"line":15,"column":23},"end":{"line":15,"column":24}},"loc":{"start":{"line":15,"column":35},"end":{"line":40,"column":5}},"line":15},"3":{"name":"(anonymous_3)","decl":{"start":{"line":19,"column":40},"end":{"line":19,"column":41}},"loc":{"start":{"line":19,"column":51},"end":{"line":32,"column":9}},"line":19},"4":{"name":"(anonymous_4)","decl":{"start":{"line":23,"column":27},"end":{"line":23,"column":28}},"loc":{"start":{"line":23,"column":33},"end":{"line":29,"column":11}},"line":23},"5":{"name":"(anonymous_5)","decl":{"start":{"line":44,"column":34},"end":{"line":44,"column":35}},"loc":{"start":{"line":44,"column":50},"end":{"line":96,"column":3}},"line":44},"6":{"name":"(anonymous_6)","decl":{"start":{"line":56,"column":29},"end":{"line":56,"column":30}},"loc":{"start":{"line":56,"column":39},"end":{"line":95,"column":5}},"line":56},"7":{"name":"(anonymous_7)","decl":{"start":{"line":57,"column":45},"end":{"line":57,"column":46}},"loc":{"start":{"line":57,"column":57},"end":{"line":60,"column":7}},"line":57},"8":{"name":"(anonymous_8)","decl":{"start":{"line":62,"column":32},"end":{"line":62,"column":33}},"loc":{"start":{"line":62,"column":44},"end":{"line":94,"column":7}},"line":62},"9":{"name":"(anonymous_9)","decl":{"start":{"line":64,"column":26},"end":{"line":64,"column":27}},"loc":{"start":{"line":64,"column":41},"end":{"line":93,"column":9}},"line":64},"10":{"name":"(anonymous_10)","decl":{"start":{"line":74,"column":17},"end":{"line":74,"column":18}},"loc":{"start":{"line":74,"column":23},"end":{"line":74,"column":72}},"line":74},"11":{"name":"(anonymous_11)","decl":{"start":{"line":99,"column":4},"end":{"line":99,"column":5}},"loc":{"start":{"line":99,"column":14},"end":{"line":125,"column":5}},"line":99},"12":{"name":"(anonymous_12)","decl":{"start":{"line":129,"column":32},"end":{"line":129,"column":33}},"loc":{"start":{"line":129,"column":38},"end":{"line":159,"column":3}},"line":129},"13":{"name":"(anonymous_13)","decl":{"start":{"line":131,"column":14},"end":{"line":131,"column":15}},"loc":{"start":{"line":131,"column":24},"end":{"line":157,"column":7}},"line":131},"14":{"name":"(anonymous_14)","decl":{"start":{"line":194,"column":20},"end":{"line":194,"column":21}},"loc":{"start":{"line":194,"column":27},"end":{"line":194,"column":56}},"line":194},"15":{"name":"(anonymous_15)","decl":{"start":{"line":205,"column":20},"end":{"line":205,"column":21}},"loc":{"start":{"line":205,"column":27},"end":{"line":205,"column":58}},"line":205},"16":{"name":"(anonymous_16)","decl":{"start":{"line":220,"column":20},"end":{"line":220,"column":21}},"loc":{"start":{"line":220,"column":27},"end":{"line":220,"column":55}},"line":220},"17":{"name":"(anonymous_17)","decl":{"start":{"line":233,"column":19},"end":{"line":233,"column":20}},"loc":{"start":{"line":233,"column":25},"end":{"line":233,"column":86}},"line":233},"18":{"name":"(anonymous_18)","decl":{"start":{"line":233,"column":42},"end":{"line":233,"column":43}},"loc":{"start":{"line":233,"column":53},"end":{"line":233,"column":84}},"line":233},"19":{"name":"(anonymous_19)","decl":{"start":{"line":266,"column":27},"end":{"line":266,"column":28}},"loc":{"start":{"line":267,"column":10},"end":{"line":295,"column":16}},"line":267}},"branchMap":{"0":{"loc":{"start":{"line":28,"column":19},"end":{"line":28,"column":74}},"type":"cond-expr","locations":[{"start":{"line":28,"column":34},"end":{"line":28,"column":39}},{"start":{"line":28,"column":42},"end":{"line":28,"column":74}}],"line":28},"1":{"loc":{"start":{"line":28,"column":42},"end":{"line":28,"column":74}},"type":"cond-expr","locations":[{"start":{"line":28,"column":58},"end":{"line":28,"column":66}},{"start":{"line":28,"column":69},"end":{"line":28,"column":74}}],"line":28},"2":{"loc":{"start":{"line":45,"column":4},"end":{"line":45,"column":27}},"type":"if","locations":[{"start":{"line":45,"column":4},"end":{"line":45,"column":27}},{"start":{},"end":{}}],"line":45},"3":{"loc":{"start":{"line":59,"column":16},"end":{"line":59,"column":53}},"type":"cond-expr","locations":[{"start":{"line":59,"column":48},"end":{"line":59,"column":49}},{"start":{"line":59,"column":52},"end":{"line":59,"column":53}}],"line":59},"4":{"loc":{"start":{"line":68,"column":10},"end":{"line":70,"column":11}},"type":"if","locations":[{"start":{"line":68,"column":10},"end":{"line":70,"column":11}},{"start":{},"end":{}}],"line":68},"5":{"loc":{"start":{"line":85,"column":27},"end":{"line":85,"column":93}},"type":"cond-expr","locations":[{"start":{"line":85,"column":88},"end":{"line":85,"column":89}},{"start":{"line":85,"column":92},"end":{"line":85,"column":93}}],"line":85},"6":{"loc":{"start":{"line":102,"column":6},"end":{"line":118,"column":7}},"type":"switch","locations":[{"start":{"line":103,"column":8},"end":{"line":106,"column":16}},{"start":{"line":107,"column":8},"end":{"line":110,"column":16}},{"start":{"line":111,"column":8},"end":{"line":114,"column":16}},{"start":{"line":115,"column":8},"end":{"line":117,"column":39}}],"line":102},"7":{"loc":{"start":{"line":120,"column":6},"end":{"line":124,"column":7}},"type":"if","locations":[{"start":{"line":120,"column":6},"end":{"line":124,"column":7}},{"start":{"line":122,"column":13},"end":{"line":124,"column":7}}],"line":120},"8":{"loc":{"start":{"line":121,"column":15},"end":{"line":121,"column":89}},"type":"cond-expr","locations":[{"start":{"line":121,"column":47},"end":{"line":121,"column":49}},{"start":{"line":121,"column":52},"end":{"line":121,"column":89}}],"line":121},"9":{"loc":{"start":{"line":121,"column":52},"end":{"line":121,"column":89}},"type":"cond-expr","locations":[{"start":{"line":121,"column":84},"end":{"line":121,"column":85}},{"start":{"line":121,"column":88},"end":{"line":121,"column":89}}],"line":121},"10":{"loc":{"start":{"line":123,"column":15},"end":{"line":123,"column":89}},"type":"cond-expr","locations":[{"start":{"line":123,"column":47},"end":{"line":123,"column":49}},{"start":{"line":123,"column":52},"end":{"line":123,"column":89}}],"line":123},"11":{"loc":{"start":{"line":123,"column":52},"end":{"line":123,"column":89}},"type":"cond-expr","locations":[{"start":{"line":123,"column":84},"end":{"line":123,"column":85}},{"start":{"line":123,"column":88},"end":{"line":123,"column":89}}],"line":123},"12":{"loc":{"start":{"line":135,"column":8},"end":{"line":154,"column":9}},"type":"if","locations":[{"start":{"line":135,"column":8},"end":{"line":154,"column":9}},{"start":{},"end":{}}],"line":135},"13":{"loc":{"start":{"line":141,"column":10},"end":{"line":153,"column":11}},"type":"switch","locations":[{"start":{"line":142,"column":12},"end":{"line":144,"column":20}},{"start":{"line":145,"column":12},"end":{"line":147,"column":20}},{"start":{"line":148,"column":12},"end":{"line":150,"column":20}},{"start":{"line":151,"column":12},"end":{"line":152,"column":33}}],"line":141},"14":{"loc":{"start":{"line":143,"column":28},"end":{"line":143,"column":74}},"type":"binary-expr","locations":[{"start":{"line":143,"column":28},"end":{"line":143,"column":41}},{"start":{"line":143,"column":45},"end":{"line":143,"column":74}}],"line":143},"15":{"loc":{"start":{"line":146,"column":28},"end":{"line":146,"column":78}},"type":"binary-expr","locations":[{"start":{"line":146,"column":28},"end":{"line":146,"column":42}},{"start":{"line":146,"column":46},"end":{"line":146,"column":78}}],"line":146},"16":{"loc":{"start":{"line":149,"column":28},"end":{"line":149,"column":74}},"type":"binary-expr","locations":[{"start":{"line":149,"column":28},"end":{"line":149,"column":41}},{"start":{"line":149,"column":45},"end":{"line":149,"column":74}}],"line":149},"17":{"loc":{"start":{"line":156,"column":15},"end":{"line":156,"column":41}},"type":"binary-expr","locations":[{"start":{"line":156,"column":15},"end":{"line":156,"column":26}},{"start":{"line":156,"column":30},"end":{"line":156,"column":41}}],"line":156},"18":{"loc":{"start":{"line":165,"column":7},"end":{"line":165,"column":45}},"type":"binary-expr","locations":[{"start":{"line":165,"column":7},"end":{"line":165,"column":14}},{"start":{"line":165,"column":18},"end":{"line":165,"column":45}}],"line":165},"19":{"loc":{"start":{"line":167,"column":7},"end":{"line":179,"column":7}},"type":"binary-expr","locations":[{"start":{"line":167,"column":7},"end":{"line":167,"column":12}},{"start":{"line":168,"column":8},"end":{"line":178,"column":14}}],"line":167},"20":{"loc":{"start":{"line":181,"column":7},"end":{"line":303,"column":7}},"type":"binary-expr","locations":[{"start":{"line":181,"column":7},"end":{"line":181,"column":15}},{"start":{"line":181,"column":19},"end":{"line":181,"column":25}},{"start":{"line":182,"column":8},"end":{"line":302,"column":11}}],"line":181},"21":{"loc":{"start":{"line":233,"column":53},"end":{"line":233,"column":84}},"type":"cond-expr","locations":[{"start":{"line":233,"column":70},"end":{"line":233,"column":76}},{"start":{"line":233,"column":79},"end":{"line":233,"column":84}}],"line":233},"22":{"loc":{"start":{"line":242,"column":11},"end":{"line":242,"column":46}},"type":"cond-expr","locations":[{"start":{"line":242,"column":37},"end":{"line":242,"column":40}},{"start":{"line":242,"column":43},"end":{"line":242,"column":46}}],"line":242},"23":{"loc":{"start":{"line":246,"column":7},"end":{"line":258,"column":7}},"type":"binary-expr","locations":[{"start":{"line":246,"column":7},"end":{"line":246,"column":12}},{"start":{"line":247,"column":8},"end":{"line":257,"column":14}}],"line":246},"24":{"loc":{"start":{"line":299,"column":7},"end":{"line":301,"column":7}},"type":"binary-expr","locations":[{"start":{"line":299,"column":7},"end":{"line":299,"column":33}},{"start":{"line":300,"column":8},"end":{"line":300,"column":99}}],"line":299}},"s":{"0":1,"1":97,"2":96,"3":96,"4":96,"5":96,"6":96,"7":96,"8":96,"9":23,"10":23,"11":23,"12":23,"13":21,"14":84,"15":84,"16":84,"17":84,"18":84,"19":84,"20":21,"21":1,"22":1,"23":22,"24":23,"25":96,"26":280,"27":112,"28":168,"29":168,"30":168,"31":168,"32":672,"33":168,"34":537,"35":537,"36":928,"37":928,"38":928,"39":43,"40":885,"41":5864,"42":885,"43":885,"44":5864,"45":885,"46":885,"47":5762,"48":885,"49":885,"50":4979,"51":4979,"52":27448,"53":27448,"54":885,"55":885,"56":885,"57":96,"58":94,"59":86,"60":86,"61":86,"62":3,"63":3,"64":3,"65":5,"66":5,"67":5,"68":0,"69":0,"70":94,"71":88,"72":6,"73":96,"74":93,"75":280,"76":280,"77":280,"78":16,"79":16,"80":16,"81":16,"82":16,"83":8,"84":8,"85":4,"86":4,"87":4,"88":4,"89":0,"90":280,"91":96,"92":42,"93":4,"94":4,"95":2,"96":2,"97":156},"f":{"0":97,"1":23,"2":23,"3":84,"4":84,"5":280,"6":168,"7":672,"8":537,"9":928,"10":5864,"11":94,"12":93,"13":280,"14":42,"15":4,"16":4,"17":2,"18":2,"19":156},"b":{"0":[42,42],"1":[21,21],"2":[112,168],"3":[168,504],"4":[43,885],"5":[1424,26024],"6":[86,3,5,0],"7":[88,6],"8":[85,3],"9":[3,0],"10":[0,6],"11":[6,0],"12":[16,264],"13":[8,4,4,0],"14":[8,4],"15":[4,3],"16":[4,1],"17":[280,157],"18":[96,23],"19":[96,1],"20":[96,73,72],"21":[2,0],"22":[70,2],"23":[72,0],"24":[72,14]},"_coverageSchema":"1a1c01bbd47fc00a2c39e90264f33305004495a9","hash":"1dff0e64b8abd084324253a834118f3312dea9f1"}
,"C:\\Users\\Toxic\\projet r5.04\\code-quality-testing-evaluation-Nithael\\packages\\frontend\\src\\services\\api.js": {"path":"C:\\Users\\Toxic\\projet r5.04\\code-quality-testing-evaluation-Nithael\\packages\\frontend\\src\\services\\api.js","statementMap":{"0":{"start":{"line":3,"column":16},"end":{"line":3,"column":43}},"1":{"start":{"line":5,"column":25},"end":{"line":21,"column":1}},"2":{"start":{"line":6,"column":2},"end":{"line":20,"column":3}},"3":{"start":{"line":7,"column":21},"end":{"line":10,"column":6}},"4":{"start":{"line":11,"column":4},"end":{"line":11,"column":55}},"5":{"start":{"line":12,"column":4},"end":{"line":12,"column":69}},"6":{"start":{"line":13,"column":4},"end":{"line":13,"column":25}},"7":{"start":{"line":16,"column":4},"end":{"line":18,"column":5}},"8":{"start":{"line":17,"column":6},"end":{"line":17,"column":32}},"9":{"start":{"line":19,"column":4},"end":{"line":19,"column":54}},"10":{"start":{"line":23,"column":28},"end":{"line":27,"column":1}},"11":{"start":{"line":24,"column":19},"end":{"line":24,"column":73}},"12":{"start":{"line":25,"column":2},"end":{"line":25,"column":53}},"13":{"start":{"line":26,"column":2},"end":{"line":26,"column":23}},"14":{"start":{"line":30,"column":16},"end":{"line":30,"column":45}},"15":{"start":{"line":31,"column":2},"end":{"line":35,"column":39}},"16":{"start":{"line":35,"column":24},"end":{"line":35,"column":37}},"17":{"start":{"line":38,"column":27},"end":{"line":78,"column":1}},"18":{"start":{"line":39,"column":2},"end":{"line":77,"column":3}},"19":{"start":{"line":40,"column":18},"end":{"line":40,"column":47}},"20":{"start":{"line":41,"column":21},"end":{"line":43,"column":6}},"21":{"start":{"line":45,"column":21},"end":{"line":45,"column":39}},"22":{"start":{"line":47,"column":30},"end":{"line":47,"column":32}},"23":{"start":{"line":48,"column":4},"end":{"line":71,"column":5}},"24":{"start":{"line":48,"column":17},"end":{"line":48,"column":18}},"25":{"start":{"line":49,"column":22},"end":{"line":49,"column":33}},"26":{"start":{"line":51,"column":23},"end":{"line":51,"column":27}},"27":{"start":{"line":52,"column":6},"end":{"line":57,"column":7}},"28":{"start":{"line":52,"column":19},"end":{"line":52,"column":20}},"29":{"start":{"line":53,"column":8},"end":{"line":56,"column":9}},"30":{"start":{"line":54,"column":10},"end":{"line":54,"column":29}},"31":{"start":{"line":55,"column":10},"end":{"line":55,"column":16}},"32":{"start":{"line":59,"column":31},"end":{"line":59,"column":32}},"33":{"start":{"line":60,"column":6},"end":{"line":64,"column":7}},"34":{"start":{"line":60,"column":19},"end":{"line":60,"column":20}},"35":{"start":{"line":61,"column":8},"end":{"line":63,"column":9}},"36":{"start":{"line":62,"column":10},"end":{"line":62,"column":31}},"37":{"start":{"line":66,"column":6},"end":{"line":70,"column":9}},"38":{"start":{"line":73,"column":4},"end":{"line":73,"column":29}},"39":{"start":{"line":75,"column":4},"end":{"line":75,"column":51}},"40":{"start":{"line":76,"column":4},"end":{"line":76,"column":14}},"41":{"start":{"line":80,"column":29},"end":{"line":86,"column":1}},"42":{"start":{"line":81,"column":16},"end":{"line":81,"column":45}},"43":{"start":{"line":82,"column":19},"end":{"line":84,"column":4}},"44":{"start":{"line":85,"column":2},"end":{"line":85,"column":23}},"45":{"start":{"line":88,"column":22},"end":{"line":91,"column":1}},"46":{"start":{"line":89,"column":2},"end":{"line":89,"column":35}},"47":{"start":{"line":90,"column":2},"end":{"line":90,"column":34}}},"fnMap":{"0":{"name":"(anonymous_0)","decl":{"start":{"line":5,"column":25},"end":{"line":5,"column":26}},"loc":{"start":{"line":5,"column":55},"end":{"line":21,"column":1}},"line":5},"1":{"name":"(anonymous_1)","decl":{"start":{"line":23,"column":28},"end":{"line":23,"column":29}},"loc":{"start":{"line":23,"column":48},"end":{"line":27,"column":1}},"line":23},"2":{"name":"getUsers","decl":{"start":{"line":29,"column":22},"end":{"line":29,"column":30}},"loc":{"start":{"line":29,"column":33},"end":{"line":36,"column":1}},"line":29},"3":{"name":"(anonymous_3)","decl":{"start":{"line":35,"column":10},"end":{"line":35,"column":11}},"loc":{"start":{"line":35,"column":24},"end":{"line":35,"column":37}},"line":35},"4":{"name":"(anonymous_4)","decl":{"start":{"line":38,"column":27},"end":{"line":38,"column":28}},"loc":{"start":{"line":38,"column":39},"end":{"line":78,"column":1}},"line":38},"5":{"name":"(anonymous_5)","decl":{"start":{"line":80,"column":29},"end":{"line":80,"column":30}},"loc":{"start":{"line":80,"column":52},"end":{"line":86,"column":1}},"line":80},"6":{"name":"(anonymous_6)","decl":{"start":{"line":88,"column":22},"end":{"line":88,"column":23}},"loc":{"start":{"line":88,"column":28},"end":{"line":91,"column":1}},"line":88}},"branchMap":{"0":{"loc":{"start":{"line":16,"column":4},"end":{"line":18,"column":5}},"type":"if","locations":[{"start":{"line":16,"column":4},"end":{"line":18,"column":5}},{"start":{},"end":{}}],"line":16},"1":{"loc":{"start":{"line":16,"column":8},"end":{"line":16,"column":54}},"type":"binary-expr","locations":[{"start":{"line":16,"column":8},"end":{"line":16,"column":13}},{"start":{"line":16,"column":17},"end":{"line":16,"column":31}},{"start":{"line":16,"column":35},"end":{"line":16,"column":54}}],"line":16},"2":{"loc":{"start":{"line":19,"column":19},"end":{"line":19,"column":51}},"type":"binary-expr","locations":[{"start":{"line":19,"column":19},"end":{"line":19,"column":32}},{"start":{"line":19,"column":36},"end":{"line":19,"column":51}}],"line":19},"3":{"loc":{"start":{"line":53,"column":8},"end":{"line":56,"column":9}},"type":"if","locations":[{"start":{"line":53,"column":8},"end":{"line":56,"column":9}},{"start":{},"end":{}}],"line":53},"4":{"loc":{"start":{"line":53,"column":12},"end":{"line":53,"column":56}},"type":"binary-expr","locations":[{"start":{"line":53,"column":12},"end":{"line":53,"column":19}},{"start":{"line":53,"column":23},"end":{"line":53,"column":56}}],"line":53},"5":{"loc":{"start":{"line":61,"column":8},"end":{"line":63,"column":9}},"type":"if","locations":[{"start":{"line":61,"column":8},"end":{"line":63,"column":9}},{"start":{},"end":{}}],"line":61}},"s":{"0":8,"1":8,"2":3,"3":3,"4":1,"5":1,"6":1,"7":2,"8":1,"9":1,"10":8,"11":1,"12":1,"13":1,"14":1,"15":1,"16":1,"17":8,"18":1,"19":1,"20":1,"21":1,"22":1,"23":1,"24":1,"25":1,"26":1,"27":1,"28":1,"29":1,"30":0,"31":0,"32":1,"33":1,"34":1,"35":1,"36":0,"37":1,"38":1,"39":0,"40":0,"41":8,"42":1,"43":1,"44":1,"45":8,"46":1,"47":1},"f":{"0":3,"1":1,"2":1,"3":1,"4":1,"5":1,"6":1},"b":{"0":[1,1],"1":[2,2,1],"2":[1,0],"3":[0,1],"4":[1,0],"5":[0,1]},"_coverageSchema":"1a1c01bbd47fc00a2c39e90264f33305004495a9","hash":"e8c0607d89ceee5c8e8dbe118aec6a4f92429388"}
,"C:\\Users\\Toxic\\projet r5.04\\code-quality-testing-evaluation-Nithael\\packages\\frontend\\src\\utils\\formatting.js": {"path":"C:\\Users\\Toxic\\projet r5.04\\code-quality-testing-evaluation-Nithael\\packages\\frontend\\src\\utils\\formatting.js","statementMap":{"0":{"start":{"line":1,"column":26},"end":{"line":11,"column":1}},"1":{"start":{"line":2,"column":2},"end":{"line":2,"column":35}},"2":{"start":{"line":2,"column":13},"end":{"line":2,"column":35}},"3":{"start":{"line":4,"column":2},"end":{"line":10,"column":3}},"4":{"start":{"line":5,"column":14},"end":{"line":5,"column":28}},"5":{"start":{"line":6,"column":4},"end":{"line":6,"column":67}},"6":{"start":{"line":8,"column":4},"end":{"line":8,"column":47}},"7":{"start":{"line":9,"column":4},"end":{"line":9,"column":26}},"8":{"start":{"line":13,"column":27},"end":{"line":27,"column":1}},"9":{"start":{"line":14,"column":2},"end":{"line":14,"column":29}},"10":{"start":{"line":14,"column":14},"end":{"line":14,"column":29}},"11":{"start":{"line":16,"column":2},"end":{"line":26,"column":3}},"12":{"start":{"line":17,"column":16},"end":{"line":17,"column":33}},"13":{"start":{"line":18,"column":4},"end":{"line":18,"column":35}},"14":{"start":{"line":18,"column":20},"end":{"line":18,"column":35}},"15":{"start":{"line":20,"column":18},"end":{"line":20,"column":43}},"16":{"start":{"line":21,"column":4},"end":{"line":21,"column":62}},"17":{"start":{"line":23,"column":4},"end":{"line":23,"column":33}},"18":{"start":{"line":25,"column":4},"end":{"line":25,"column":19}},"19":{"start":{"line":29,"column":27},"end":{"line":45,"column":1}},"20":{"start":{"line":30,"column":19},"end":{"line":30,"column":34}},"21":{"start":{"line":32,"column":2},"end":{"line":34,"column":3}},"22":{"start":{"line":33,"column":4},"end":{"line":33,"column":26}},"23":{"start":{"line":36,"column":2},"end":{"line":44,"column":3}},"24":{"start":{"line":37,"column":4},"end":{"line":37,"column":26}},"25":{"start":{"line":38,"column":9},"end":{"line":44,"column":3}},"26":{"start":{"line":39,"column":4},"end":{"line":39,"column":42}},"27":{"start":{"line":40,"column":9},"end":{"line":44,"column":3}},"28":{"start":{"line":41,"column":4},"end":{"line":41,"column":51}},"29":{"start":{"line":43,"column":4},"end":{"line":43,"column":36}},"30":{"start":{"line":47,"column":30},"end":{"line":62,"column":1}},"31":{"start":{"line":48,"column":2},"end":{"line":48,"column":53}},"32":{"start":{"line":48,"column":31},"end":{"line":48,"column":53}},"33":{"start":{"line":50,"column":16},"end":{"line":50,"column":40}},"34":{"start":{"line":51,"column":15},"end":{"line":51,"column":38}},"35":{"start":{"line":53,"column":2},"end":{"line":59,"column":3}},"36":{"start":{"line":54,"column":4},"end":{"line":54,"column":111}},"37":{"start":{"line":55,"column":9},"end":{"line":59,"column":3}},"38":{"start":{"line":56,"column":4},"end":{"line":56,"column":58}},"39":{"start":{"line":57,"column":9},"end":{"line":59,"column":3}},"40":{"start":{"line":58,"column":4},"end":{"line":58,"column":56}},"41":{"start":{"line":61,"column":2},"end":{"line":61,"column":24}},"42":{"start":{"line":64,"column":32},"end":{"line":74,"column":1}},"43":{"start":{"line":65,"column":2},"end":{"line":65,"column":23}},"44":{"start":{"line":65,"column":13},"end":{"line":65,"column":23}},"45":{"start":{"line":67,"column":2},"end":{"line":73,"column":15}},"46":{"start":{"line":70,"column":19},"end":{"line":70,"column":30}},"47":{"start":{"line":71,"column":22},"end":{"line":71,"column":37}},"48":{"start":{"line":72,"column":19},"end":{"line":72,"column":63}}},"fnMap":{"0":{"name":"(anonymous_0)","decl":{"start":{"line":1,"column":26},"end":{"line":1,"column":27}},"loc":{"start":{"line":1,"column":36},"end":{"line":11,"column":1}},"line":1},"1":{"name":"(anonymous_1)","decl":{"start":{"line":13,"column":27},"end":{"line":13,"column":28}},"loc":{"start":{"line":13,"column":38},"end":{"line":27,"column":1}},"line":13},"2":{"name":"(anonymous_2)","decl":{"start":{"line":29,"column":27},"end":{"line":29,"column":28}},"loc":{"start":{"line":29,"column":38},"end":{"line":45,"column":1}},"line":29},"3":{"name":"(anonymous_3)","decl":{"start":{"line":47,"column":30},"end":{"line":47,"column":31}},"loc":{"start":{"line":47,"column":55},"end":{"line":62,"column":1}},"line":47},"4":{"name":"(anonymous_4)","decl":{"start":{"line":64,"column":32},"end":{"line":64,"column":33}},"loc":{"start":{"line":64,"column":42},"end":{"line":74,"column":1}},"line":64},"5":{"name":"(anonymous_5)","decl":{"start":{"line":70,"column":9},"end":{"line":70,"column":10}},"loc":{"start":{"line":70,"column":19},"end":{"line":70,"column":30}},"line":70},"6":{"name":"(anonymous_6)","decl":{"start":{"line":71,"column":12},"end":{"line":71,"column":13}},"loc":{"start":{"line":71,"column":22},"end":{"line":71,"column":37}},"line":71},"7":{"name":"(anonymous_7)","decl":{"start":{"line":72,"column":9},"end":{"line":72,"column":10}},"loc":{"start":{"line":72,"column":19},"end":{"line":72,"column":63}},"line":72}},"branchMap":{"0":{"loc":{"start":{"line":2,"column":2},"end":{"line":2,"column":35}},"type":"if","locations":[{"start":{"line":2,"column":2},"end":{"line":2,"column":35}},{"start":{},"end":{}}],"line":2},"1":{"loc":{"start":{"line":14,"column":2},"end":{"line":14,"column":29}},"type":"if","locations":[{"start":{"line":14,"column":2},"end":{"line":14,"column":29}},{"start":{},"end":{}}],"line":14},"2":{"loc":{"start":{"line":18,"column":4},"end":{"line":18,"column":35}},"type":"if","locations":[{"start":{"line":18,"column":4},"end":{"line":18,"column":35}},{"start":{},"end":{}}],"line":18},"3":{"loc":{"start":{"line":32,"column":2},"end":{"line":34,"column":3}},"type":"if","locations":[{"start":{"line":32,"column":2},"end":{"line":34,"column":3}},{"start":{},"end":{}}],"line":32},"4":{"loc":{"start":{"line":36,"column":2},"end":{"line":44,"column":3}},"type":"if","locations":[{"start":{"line":36,"column":2},"end":{"line":44,"column":3}},{"start":{"line":38,"column":9},"end":{"line":44,"column":3}}],"line":36},"5":{"loc":{"start":{"line":38,"column":9},"end":{"line":44,"column":3}},"type":"if","locations":[{"start":{"line":38,"column":9},"end":{"line":44,"column":3}},{"start":{"line":40,"column":9},"end":{"line":44,"column":3}}],"line":38},"6":{"loc":{"start":{"line":40,"column":9},"end":{"line":44,"column":3}},"type":"if","locations":[{"start":{"line":40,"column":9},"end":{"line":44,"column":3}},{"start":{"line":42,"column":9},"end":{"line":44,"column":3}}],"line":40},"7":{"loc":{"start":{"line":48,"column":2},"end":{"line":48,"column":53}},"type":"if","locations":[{"start":{"line":48,"column":2},"end":{"line":48,"column":53}},{"start":{},"end":{}}],"line":48},"8":{"loc":{"start":{"line":48,"column":6},"end":{"line":48,"column":29}},"type":"binary-expr","locations":[{"start":{"line":48,"column":6},"end":{"line":48,"column":16}},{"start":{"line":48,"column":20},"end":{"line":48,"column":29}}],"line":48},"9":{"loc":{"start":{"line":50,"column":17},"end":{"line":50,"column":32}},"type":"binary-expr","locations":[{"start":{"line":50,"column":17},"end":{"line":50,"column":26}},{"start":{"line":50,"column":30},"end":{"line":50,"column":32}}],"line":50},"10":{"loc":{"start":{"line":51,"column":16},"end":{"line":51,"column":30}},"type":"binary-expr","locations":[{"start":{"line":51,"column":16},"end":{"line":51,"column":24}},{"start":{"line":51,"column":28},"end":{"line":51,"column":30}}],"line":51},"11":{"loc":{"start":{"line":53,"column":2},"end":{"line":59,"column":3}},"type":"if","locations":[{"start":{"line":53,"column":2},"end":{"line":59,"column":3}},{"start":{"line":55,"column":9},"end":{"line":59,"column":3}}],"line":53},"12":{"loc":{"start":{"line":53,"column":6},"end":{"line":53,"column":19}},"type":"binary-expr","locations":[{"start":{"line":53,"column":6},"end":{"line":53,"column":11}},{"start":{"line":53,"column":15},"end":{"line":53,"column":19}}],"line":53},"13":{"loc":{"start":{"line":55,"column":9},"end":{"line":59,"column":3}},"type":"if","locations":[{"start":{"line":55,"column":9},"end":{"line":59,"column":3}},{"start":{"line":57,"column":9},"end":{"line":59,"column":3}}],"line":55},"14":{"loc":{"start":{"line":57,"column":9},"end":{"line":59,"column":3}},"type":"if","locations":[{"start":{"line":57,"column":9},"end":{"line":59,"column":3}},{"start":{},"end":{}}],"line":57},"15":{"loc":{"start":{"line":65,"column":2},"end":{"line":65,"column":23}},"type":"if","locations":[{"start":{"line":65,"column":2},"end":{"line":65,"column":23}},{"start":{},"end":{}}],"line":65}},"s":{"0":1,"1":5,"2":2,"3":3,"4":3,"5":3,"6":0,"7":0,"8":1,"9":7,"10":2,"11":5,"12":5,"13":5,"14":1,"15":4,"16":4,"17":4,"18":0,"19":1,"20":12,"21":12,"22":3,"23":9,"24":2,"25":7,"26":2,"27":5,"28":2,"29":3,"30":1,"31":10,"32":3,"33":7,"34":7,"35":7,"36":3,"37":4,"38":2,"39":2,"40":2,"41":0,"42":1,"43":7,"44":3,"45":4,"46":15,"47":15,"48":9},"f":{"0":5,"1":7,"2":12,"3":10,"4":7,"5":15,"6":15,"7":9},"b":{"0":[2,3],"1":[2,5],"2":[1,4],"3":[3,9],"4":[2,7],"5":[2,5],"6":[2,3],"7":[3,7],"8":[10,5],"9":[7,2],"10":[7,2],"11":[3,4],"12":[7,5],"13":[2,2],"14":[2,0],"15":[3,4]},"_coverageSchema":"1a1c01bbd47fc00a2c39e90264f33305004495a9","hash":"ba7775fac2e6fa21bc7b0c7dc62eada36b4aae6a"}
,"C:\\Users\\Toxic\\projet r5.04\\code-quality-testing-evaluation-Nithael\\packages\\frontend\\src\\utils\\validation.js": {"path":"C:\\Users\\Toxic\\projet r5.04\\code-quality-testing-evaluation-Nithael\\packages\\frontend\\src\\utils\\validation.js","statementMap":{"0":{"start":{"line":1,"column":29},"end":{"line":5,"column":1}},"1":{"start":{"line":3,"column":4},"end":{"line":3,"column":148}},"2":{"start":{"line":4,"column":2},"end":{"line":4,"column":24}},"3":{"start":{"line":7,"column":32},"end":{"line":19,"column":1}},"4":{"start":{"line":8,"column":15},"end":{"line":8,"column":17}},"5":{"start":{"line":10,"column":2},"end":{"line":10,"column":81}},"6":{"start":{"line":10,"column":27},"end":{"line":10,"column":81}},"7":{"start":{"line":11,"column":2},"end":{"line":11,"column":78}},"8":{"start":{"line":11,"column":31},"end":{"line":11,"column":78}},"9":{"start":{"line":12,"column":2},"end":{"line":12,"column":78}},"10":{"start":{"line":12,"column":31},"end":{"line":12,"column":78}},"11":{"start":{"line":13,"column":2},"end":{"line":13,"column":75}},"12":{"start":{"line":13,"column":31},"end":{"line":13,"column":75}},"13":{"start":{"line":15,"column":2},"end":{"line":18,"column":4}},"14":{"start":{"line":21,"column":28},"end":{"line":42,"column":1}},"15":{"start":{"line":22,"column":17},"end":{"line":22,"column":19}},"16":{"start":{"line":24,"column":2},"end":{"line":24,"column":67}},"17":{"start":{"line":24,"column":23},"end":{"line":24,"column":67}},"18":{"start":{"line":25,"column":2},"end":{"line":25,"column":64}},"19":{"start":{"line":25,"column":22},"end":{"line":25,"column":64}},"20":{"start":{"line":26,"column":2},"end":{"line":26,"column":63}},"21":{"start":{"line":26,"column":22},"end":{"line":26,"column":63}},"22":{"start":{"line":27,"column":2},"end":{"line":27,"column":88}},"23":{"start":{"line":27,"column":49},"end":{"line":27,"column":88}},"24":{"start":{"line":29,"column":2},"end":{"line":36,"column":3}},"25":{"start":{"line":30,"column":31},"end":{"line":30,"column":62}},"26":{"start":{"line":31,"column":4},"end":{"line":33,"column":5}},"27":{"start":{"line":32,"column":6},"end":{"line":32,"column":50}},"28":{"start":{"line":35,"column":4},"end":{"line":35,"column":45}},"29":{"start":{"line":38,"column":2},"end":{"line":41,"column":4}},"30":{"start":{"line":44,"column":31},"end":{"line":74,"column":1}},"31":{"start":{"line":45,"column":14},"end":{"line":45,"column":18}},"32":{"start":{"line":46,"column":15},"end":{"line":46,"column":17}},"33":{"start":{"line":48,"column":2},"end":{"line":51,"column":3}},"34":{"start":{"line":49,"column":4},"end":{"line":49,"column":18}},"35":{"start":{"line":50,"column":4},"end":{"line":50,"column":37}},"36":{"start":{"line":53,"column":2},"end":{"line":56,"column":3}},"37":{"start":{"line":54,"column":4},"end":{"line":54,"column":18}},"38":{"start":{"line":55,"column":4},"end":{"line":55,"column":45}},"39":{"start":{"line":58,"column":2},"end":{"line":61,"column":3}},"40":{"start":{"line":59,"column":4},"end":{"line":59,"column":18}},"41":{"start":{"line":60,"column":4},"end":{"line":60,"column":44}},"42":{"start":{"line":63,"column":2},"end":{"line":66,"column":3}},"43":{"start":{"line":64,"column":4},"end":{"line":64,"column":18}},"44":{"start":{"line":65,"column":4},"end":{"line":65,"column":46}},"45":{"start":{"line":68,"column":2},"end":{"line":71,"column":3}},"46":{"start":{"line":69,"column":4},"end":{"line":69,"column":41}},"47":{"start":{"line":69,"column":23},"end":{"line":69,"column":41}},"48":{"start":{"line":70,"column":4},"end":{"line":70,"column":50}},"49":{"start":{"line":73,"column":2},"end":{"line":73,"column":27}}},"fnMap":{"0":{"name":"(anonymous_0)","decl":{"start":{"line":1,"column":29},"end":{"line":1,"column":30}},"loc":{"start":{"line":1,"column":40},"end":{"line":5,"column":1}},"line":1},"1":{"name":"(anonymous_1)","decl":{"start":{"line":7,"column":32},"end":{"line":7,"column":33}},"loc":{"start":{"line":7,"column":46},"end":{"line":19,"column":1}},"line":7},"2":{"name":"(anonymous_2)","decl":{"start":{"line":21,"column":28},"end":{"line":21,"column":29}},"loc":{"start":{"line":21,"column":38},"end":{"line":42,"column":1}},"line":21},"3":{"name":"(anonymous_3)","decl":{"start":{"line":44,"column":31},"end":{"line":44,"column":32}},"loc":{"start":{"line":44,"column":44},"end":{"line":74,"column":1}},"line":44}},"branchMap":{"0":{"loc":{"start":{"line":10,"column":2},"end":{"line":10,"column":81}},"type":"if","locations":[{"start":{"line":10,"column":2},"end":{"line":10,"column":81}},{"start":{},"end":{}}],"line":10},"1":{"loc":{"start":{"line":11,"column":2},"end":{"line":11,"column":78}},"type":"if","locations":[{"start":{"line":11,"column":2},"end":{"line":11,"column":78}},{"start":{},"end":{}}],"line":11},"2":{"loc":{"start":{"line":12,"column":2},"end":{"line":12,"column":78}},"type":"if","locations":[{"start":{"line":12,"column":2},"end":{"line":12,"column":78}},{"start":{},"end":{}}],"line":12},"3":{"loc":{"start":{"line":13,"column":2},"end":{"line":13,"column":75}},"type":"if","locations":[{"start":{"line":13,"column":2},"end":{"line":13,"column":75}},{"start":{},"end":{}}],"line":13},"4":{"loc":{"start":{"line":24,"column":2},"end":{"line":24,"column":67}},"type":"if","locations":[{"start":{"line":24,"column":2},"end":{"line":24,"column":67}},{"start":{},"end":{}}],"line":24},"5":{"loc":{"start":{"line":25,"column":2},"end":{"line":25,"column":64}},"type":"if","locations":[{"start":{"line":25,"column":2},"end":{"line":25,"column":64}},{"start":{},"end":{}}],"line":25},"6":{"loc":{"start":{"line":26,"column":2},"end":{"line":26,"column":63}},"type":"if","locations":[{"start":{"line":26,"column":2},"end":{"line":26,"column":63}},{"start":{},"end":{}}],"line":26},"7":{"loc":{"start":{"line":27,"column":2},"end":{"line":27,"column":88}},"type":"if","locations":[{"start":{"line":27,"column":2},"end":{"line":27,"column":88}},{"start":{},"end":{}}],"line":27},"8":{"loc":{"start":{"line":27,"column":6},"end":{"line":27,"column":47}},"type":"binary-expr","locations":[{"start":{"line":27,"column":6},"end":{"line":27,"column":19}},{"start":{"line":27,"column":23},"end":{"line":27,"column":47}}],"line":27},"9":{"loc":{"start":{"line":29,"column":2},"end":{"line":36,"column":3}},"type":"if","locations":[{"start":{"line":29,"column":2},"end":{"line":36,"column":3}},{"start":{"line":34,"column":9},"end":{"line":36,"column":3}}],"line":29},"10":{"loc":{"start":{"line":31,"column":4},"end":{"line":33,"column":5}},"type":"if","locations":[{"start":{"line":31,"column":4},"end":{"line":33,"column":5}},{"start":{},"end":{}}],"line":31},"11":{"loc":{"start":{"line":48,"column":2},"end":{"line":51,"column":3}},"type":"if","locations":[{"start":{"line":48,"column":2},"end":{"line":51,"column":3}},{"start":{},"end":{}}],"line":48},"12":{"loc":{"start":{"line":48,"column":6},"end":{"line":48,"column":49}},"type":"binary-expr","locations":[{"start":{"line":48,"column":6},"end":{"line":48,"column":19}},{"start":{"line":48,"column":23},"end":{"line":48,"column":49}}],"line":48},"13":{"loc":{"start":{"line":53,"column":2},"end":{"line":56,"column":3}},"type":"if","locations":[{"start":{"line":53,"column":2},"end":{"line":56,"column":3}},{"start":{},"end":{}}],"line":53},"14":{"loc":{"start":{"line":53,"column":6},"end":{"line":53,"column":44}},"type":"binary-expr","locations":[{"start":{"line":53,"column":6},"end":{"line":53,"column":20}},{"start":{"line":53,"column":24},"end":{"line":53,"column":44}}],"line":53},"15":{"loc":{"start":{"line":58,"column":2},"end":{"line":61,"column":3}},"type":"if","locations":[{"start":{"line":58,"column":2},"end":{"line":61,"column":3}},{"start":{},"end":{}}],"line":58},"16":{"loc":{"start":{"line":63,"column":2},"end":{"line":66,"column":3}},"type":"if","locations":[{"start":{"line":63,"column":2},"end":{"line":66,"column":3}},{"start":{},"end":{}}],"line":63},"17":{"loc":{"start":{"line":63,"column":6},"end":{"line":63,"column":44}},"type":"binary-expr","locations":[{"start":{"line":63,"column":6},"end":{"line":63,"column":20}},{"start":{"line":63,"column":24},"end":{"line":63,"column":44}}],"line":63},"18":{"loc":{"start":{"line":68,"column":2},"end":{"line":71,"column":3}},"type":"if","locations":[{"start":{"line":68,"column":2},"end":{"line":71,"column":3}},{"start":{},"end":{}}],"line":68},"19":{"loc":{"start":{"line":69,"column":4},"end":{"line":69,"column":41}},"type":"if","locations":[{"start":{"line":69,"column":4},"end":{"line":69,"column":41}},{"start":{},"end":{}}],"line":69}},"s":{"0":1,"1":7,"2":7,"3":1,"4":12,"5":12,"6":3,"7":12,"8":3,"9":12,"10":1,"11":12,"12":3,"13":12,"14":1,"15":7,"16":7,"17":1,"18":7,"19":1,"20":7,"21":1,"22":7,"23":1,"24":7,"25":6,"26":6,"27":1,"28":1,"29":7,"30":1,"31":9,"32":9,"33":9,"34":2,"35":2,"36":9,"37":2,"38":2,"39":9,"40":1,"41":1,"42":9,"43":2,"44":2,"45":9,"46":1,"47":1,"48":1,"49":9},"f":{"0":7,"1":12,"2":7,"3":9},"b":{"0":[3,9],"1":[3,9],"2":[1,11],"3":[3,9],"4":[1,6],"5":[1,6],"6":[1,6],"7":[1,6],"8":[7,6],"9":[6,1],"10":[1,5],"11":[2,7],"12":[9,8],"13":[2,7],"14":[9,8],"15":[1,8],"16":[2,7],"17":[9,8],"18":[1,8],"19":[1,0]},"_coverageSchema":"1a1c01bbd47fc00a2c39e90264f33305004495a9","hash":"8209b9ff1e991630f1adbbddb4bcc2e8d0e7025a"}
}
