TN:
SF:src\App.js
FN:11,App
FN:14,(anonymous_1)
FN:15,(anonymous_2)
FN:20,(anonymous_3)
FN:28,(anonymous_4)
FNF:5
FNH:3
FNDA:3,App
FNDA:3,(anonymous_1)
FNDA:0,(anonymous_2)
FNDA:3,(anonymous_3)
FNDA:0,(anonymous_4)
DA:12,3
DA:14,3
DA:15,3
DA:16,0
DA:19,3
DA:20,3
DA:23,3
DA:28,3
DA:29,0
DA:32,3
LF:10
LH:8
BRDA:25,0,0,1
BRDA:25,0,1,2
BRDA:41,1,0,3
BRDA:41,1,1,1
BRDA:50,2,0,1
BRDA:50,2,1,2
BRF:6
BRH:6
end_of_record
TN:
SF:src\components\ErrorBoundary.js
FN:4,(anonymous_0)
FN:9,(anonymous_1)
FN:13,(anonymous_2)
FN:17,(anonymous_3)
FN:39,(anonymous_4)
FNF:5
FNH:5
FNDA:7,(anonymous_0)
FNDA:6,(anonymous_1)
FNDA:3,(anonymous_2)
FNDA:13,(anonymous_3)
FNDA:1,(anonymous_4)
DA:5,7
DA:6,7
DA:10,6
DA:14,3
DA:18,13
DA:19,6
DA:39,1
DA:55,7
LF:8
LH:8
BRDA:18,0,0,6
BRDA:18,0,1,7
BRDA:36,1,0,6
BRDA:36,1,1,6
BRF:4
BRH:4
end_of_record
TN:
SF:src\components\LoadingSpinner.js
FN:3,(anonymous_0)
FNF:1
FNH:1
FNDA:4,(anonymous_0)
DA:3,1
DA:4,4
LF:2
LH:2
BRF:0
BRH:0
end_of_record
TN:
SF:src\components\Navigation.js
FN:6,(anonymous_0)
FN:11,(anonymous_1)
FN:17,(anonymous_2)
FNF:3
FNH:3
FNDA:8,(anonymous_0)
FNDA:1,(anonymous_1)
FNDA:8,(anonymous_2)
DA:6,1
DA:7,8
DA:9,8
DA:11,8
DA:12,1
DA:13,1
DA:14,1
DA:17,8
DA:18,8
DA:19,8
DA:20,8
DA:21,8
DA:24,8
LF:13
LH:13
BRDA:9,0,0,8
BRDA:9,0,1,0
BRDA:19,1,0,8
BRDA:19,1,1,0
BRDA:19,2,0,0
BRDA:19,2,1,0
BRDA:21,3,0,8
BRDA:21,3,1,1
BRF:8
BRH:4
end_of_record
TN:
SF:src\hooks\useApi.js
FN:4,(anonymous_0)
FN:8,(anonymous_1)
FN:33,(anonymous_2)
FN:34,(anonymous_3)
FN:35,(anonymous_4)
FN:36,(anonymous_5)
FNF:6
FNH:6
FNDA:16,(anonymous_0)
FNDA:10,(anonymous_1)
FNDA:7,(anonymous_2)
FNDA:1,(anonymous_3)
FNDA:1,(anonymous_4)
FNDA:1,(anonymous_5)
DA:4,1
DA:5,16
DA:6,16
DA:8,16
DA:9,10
DA:11,10
DA:12,10
DA:13,10
DA:15,10
DA:23,10
DA:25,10
DA:26,10
DA:27,10
DA:29,10
DA:33,16
DA:34,16
DA:35,16
DA:36,16
DA:38,16
LF:19
LH:19
BRDA:19,0,0,1
BRDA:19,0,1,9
BRDA:25,1,0,10
BRDA:25,1,1,10
BRDA:25,1,2,0
BRF:5
BRH:4
end_of_record
TN:
SF:src\hooks\useAuth.js
FN:4,(anonymous_0)
FN:9,(anonymous_1)
FN:25,(anonymous_2)
FN:35,(anonymous_3)
FNF:4
FNH:4
FNDA:21,(anonymous_0)
FNDA:9,(anonymous_1)
FNDA:1,(anonymous_2)
FNDA:2,(anonymous_3)
DA:4,1
DA:5,21
DA:6,21
DA:7,21
DA:9,21
DA:10,9
DA:11,9
DA:13,9
DA:14,4
DA:15,4
DA:17,1
DA:18,1
DA:19,1
DA:22,9
DA:25,21
DA:26,1
DA:27,1
DA:28,1
DA:29,1
DA:31,0
DA:35,21
DA:36,2
DA:37,2
DA:38,2
DA:39,2
DA:42,21
LF:26
LH:25
BRDA:13,0,0,4
BRDA:13,0,1,5
BRDA:13,1,0,9
BRDA:13,1,1,4
BRF:4
BRH:4
end_of_record
TN:
SF:src\pages\AddProduct.js
FN:6,(anonymous_0)
FN:13,(anonymous_1)
FN:77,(anonymous_2)
FN:97,(anonymous_3)
FN:117,(anonymous_4)
FN:131,(anonymous_5)
FNF:6
FNH:6
FNDA:155,(anonymous_0)
FNDA:9,(anonymous_1)
FNDA:92,(anonymous_2)
FNDA:26,(anonymous_3)
FNDA:16,(anonymous_4)
FNDA:1,(anonymous_5)
DA:6,1
DA:7,155
DA:8,155
DA:9,155
DA:10,155
DA:11,155
DA:13,155
DA:14,9
DA:16,9
DA:17,4
DA:18,4
DA:21,5
DA:22,5
DA:27,3
DA:29,2
DA:30,2
DA:34,155
DA:77,92
DA:97,26
DA:117,16
DA:131,1
LF:21
LH:21
BRDA:16,0,0,4
BRDA:16,0,1,5
BRDA:16,1,0,9
BRDA:16,1,1,7
BRDA:16,1,2,6
BRDA:29,2,0,2
BRDA:29,2,1,2
BRDA:46,3,0,155
BRDA:46,3,1,6
BRF:9
BRH:9
end_of_record
TN:
SF:src\pages\Login.js
FN:6,(anonymous_0)
FN:12,(anonymous_1)
FN:73,(anonymous_2)
FN:92,(anonymous_3)
FNF:4
FNH:4
FNDA:163,(anonymous_0)
FNDA:7,(anonymous_1)
FNDA:61,(anonymous_2)
FNDA:85,(anonymous_3)
DA:6,1
DA:7,163
DA:8,163
DA:9,163
DA:10,163
DA:12,163
DA:13,7
DA:14,7
DA:15,7
DA:17,6
DA:18,3
DA:19,0
DA:22,3
DA:26,4
DA:27,4
DA:28,0
DA:32,163
DA:73,61
DA:92,85
LF:19
LH:17
BRDA:17,0,0,3
BRDA:17,0,1,3
BRDA:17,1,0,6
BRDA:17,1,1,6
BRDA:22,2,0,3
BRDA:22,2,1,0
BRDA:26,3,0,0
BRDA:26,3,1,4
BRDA:26,4,0,4
BRDA:26,4,1,4
BRDA:27,5,0,4
BRDA:27,5,1,0
BRDA:27,6,0,4
BRDA:27,6,1,4
BRDA:43,7,0,163
BRDA:43,7,1,28
BRF:16
BRH:13
end_of_record
TN:
SF:src\pages\ProductList.js
FN:6,(anonymous_0)
FN:14,(anonymous_1)
FN:15,(anonymous_2)
FN:19,(anonymous_3)
FN:36,(anonymous_4)
FN:37,(anonymous_5)
FN:44,(anonymous_6)
FN:45,(anonymous_7)
FN:52,(anonymous_8)
FN:76,(anonymous_9)
FN:92,(anonymous_10)
FN:166,(anonymous_11)
FN:177,(anonymous_12)
FN:192,(anonymous_13)
FN:227,(anonymous_14)
FNF:15
FNH:15
FNDA:92,(anonymous_0)
FNDA:21,(anonymous_1)
FNDA:21,(anonymous_2)
FNDA:95,(anonymous_3)
FNDA:90,(anonymous_4)
FNDA:345,(anonymous_5)
FNDA:225,(anonymous_6)
FNDA:627,(anonymous_7)
FNDA:3057,(anonymous_8)
FNDA:192,(anonymous_9)
FNDA:182,(anonymous_10)
FNDA:43,(anonymous_11)
FNDA:5,(anonymous_12)
FNDA:4,(anonymous_13)
FNDA:172,(anonymous_14)
DA:6,1
DA:7,92
DA:8,91
DA:9,91
DA:10,91
DA:11,91
DA:12,91
DA:14,91
DA:15,21
DA:16,21
DA:17,21
DA:18,21
DA:19,95
DA:25,19
DA:27,1
DA:28,1
DA:30,20
DA:33,21
DA:36,91
DA:37,90
DA:38,345
DA:40,225
DA:42,225
DA:44,225
DA:45,225
DA:46,627
DA:47,627
DA:50,627
DA:52,3057
DA:54,627
DA:55,3057
DA:58,627
DA:59,4308
DA:62,627
DA:63,2430
DA:64,13980
DA:66,13980
DA:71,627
DA:76,90
DA:77,192
DA:79,16
DA:80,16
DA:82,5
DA:84,5
DA:86,6
DA:88,0
DA:92,90
DA:93,182
DA:95,15
DA:97,15
DA:99,5
DA:101,5
DA:103,5
DA:105,0
DA:110,91
DA:166,43
DA:177,5
DA:192,4
DA:228,172
LF:59
LH:57
BRDA:21,0,0,19
BRDA:21,0,1,76
BRDA:21,1,0,19
BRDA:21,1,1,57
BRDA:23,2,0,19
BRDA:23,2,1,76
BRDA:23,3,0,57
BRDA:23,3,1,19
BRDA:38,4,0,120
BRDA:38,4,1,225
BRDA:64,5,0,661
BRDA:64,5,1,13319
BRDA:77,6,0,176
BRDA:77,6,1,16
BRDA:80,7,0,5
BRDA:80,7,1,5
BRDA:80,7,2,6
BRDA:80,7,3,0
BRDA:82,8,0,5
BRDA:82,8,1,1
BRDA:84,9,0,5
BRDA:84,9,1,4
BRDA:84,9,2,1
BRDA:86,10,0,6
BRDA:86,10,1,4
BRDA:93,11,0,167
BRDA:93,11,1,15
BRDA:97,12,0,5
BRDA:97,12,1,5
BRDA:97,12,2,5
BRDA:97,12,3,0
BRDA:99,13,0,5
BRDA:99,13,1,1
BRDA:101,14,0,5
BRDA:101,14,1,4
BRDA:101,14,2,3
BRDA:103,15,0,5
BRDA:103,15,1,1
BRDA:137,16,0,91
BRDA:137,16,1,21
BRDA:139,17,0,91
BRDA:139,17,1,1
BRDA:153,18,0,91
BRDA:153,18,1,70
BRDA:153,18,2,69
BRDA:206,19,0,69
BRDA:206,19,1,0
BRDA:241,20,0,140
BRDA:241,20,1,32
BRDA:251,21,0,69
BRDA:251,21,1,21
BRF:51
BRH:48
end_of_record
TN:
SF:src\pages\Register.js
FN:6,(anonymous_0)
FN:16,(anonymous_1)
FN:26,(anonymous_2)
FN:28,(anonymous_3)
FNF:4
FNH:4
FNDA:178,(anonymous_0)
FNDA:6,(anonymous_1)
FNDA:165,(anonymous_2)
FNDA:165,(anonymous_3)
DA:6,1
DA:7,178
DA:13,178
DA:14,178
DA:16,178
DA:17,6
DA:18,6
DA:19,6
DA:20,5
DA:22,1
DA:26,178
DA:27,165
DA:28,165
DA:31,178
LF:14
LH:14
BRDA:22,0,0,1
BRDA:22,0,1,1
BRDA:42,1,0,178
BRDA:42,1,1,1
BRF:4
BRH:4
end_of_record
TN:
SF:src\pages\UserList.js
FN:5,(anonymous_0)
FN:14,(anonymous_1)
FN:15,(anonymous_2)
FN:19,(anonymous_3)
FN:23,(anonymous_4)
FN:44,(anonymous_5)
FN:56,(anonymous_6)
FN:57,(anonymous_7)
FN:62,(anonymous_8)
FN:64,(anonymous_9)
FN:74,(anonymous_10)
FN:99,(anonymous_11)
FN:129,(anonymous_12)
FN:131,(anonymous_13)
FN:194,(anonymous_14)
FN:205,(anonymous_15)
FN:220,(anonymous_16)
FN:233,(anonymous_17)
FN:233,(anonymous_18)
FN:266,(anonymous_19)
FNF:20
FNH:20
FNDA:97,(anonymous_0)
FNDA:23,(anonymous_1)
FNDA:23,(anonymous_2)
FNDA:84,(anonymous_3)
FNDA:84,(anonymous_4)
FNDA:280,(anonymous_5)
FNDA:168,(anonymous_6)
FNDA:672,(anonymous_7)
FNDA:537,(anonymous_8)
FNDA:928,(anonymous_9)
FNDA:5864,(anonymous_10)
FNDA:94,(anonymous_11)
FNDA:93,(anonymous_12)
FNDA:280,(anonymous_13)
FNDA:42,(anonymous_14)
FNDA:4,(anonymous_15)
FNDA:4,(anonymous_16)
FNDA:2,(anonymous_17)
FNDA:2,(anonymous_18)
FNDA:156,(anonymous_19)
DA:5,1
DA:6,97
DA:7,96
DA:8,96
DA:9,96
DA:10,96
DA:11,96
DA:12,96
DA:14,96
DA:15,23
DA:16,23
DA:17,23
DA:18,23
DA:19,84
DA:24,84
DA:25,84
DA:26,84
DA:27,84
DA:28,84
DA:33,21
DA:35,1
DA:36,1
DA:38,22
DA:41,23
DA:44,96
DA:45,280
DA:47,168
DA:49,168
DA:56,168
DA:57,672
DA:62,168
DA:63,537
DA:64,537
DA:65,928
DA:66,928
DA:68,928
DA:69,43
DA:72,885
DA:74,5864
DA:76,885
DA:77,5864
DA:79,885
DA:80,5762
DA:83,885
DA:84,4979
DA:85,27448
DA:86,27448
DA:90,885
DA:91,885
DA:92,885
DA:98,96
DA:102,94
DA:104,86
DA:105,86
DA:106,86
DA:108,3
DA:109,3
DA:110,3
DA:112,5
DA:113,5
DA:114,5
DA:116,0
DA:117,0
DA:120,94
DA:121,88
DA:123,6
DA:129,96
DA:130,93
DA:132,280
DA:134,280
DA:135,280
DA:136,16
DA:137,16
DA:138,16
DA:139,16
DA:141,16
DA:143,8
DA:144,8
DA:146,4
DA:147,4
DA:149,4
DA:150,4
DA:152,0
DA:156,280
DA:161,96
DA:194,42
DA:205,4
DA:220,4
DA:233,2
DA:267,156
LF:90
LH:87
BRDA:28,0,0,42
BRDA:28,0,1,42
BRDA:28,1,0,21
BRDA:28,1,1,21
BRDA:45,2,0,112
BRDA:45,2,1,168
BRDA:59,3,0,168
BRDA:59,3,1,504
BRDA:68,4,0,43
BRDA:68,4,1,885
BRDA:85,5,0,1424
BRDA:85,5,1,26024
BRDA:102,6,0,86
BRDA:102,6,1,3
BRDA:102,6,2,5
BRDA:102,6,3,0
BRDA:120,7,0,88
BRDA:120,7,1,6
BRDA:121,8,0,85
BRDA:121,8,1,3
BRDA:121,9,0,3
BRDA:121,9,1,0
BRDA:123,10,0,0
BRDA:123,10,1,6
BRDA:123,11,0,6
BRDA:123,11,1,0
BRDA:135,12,0,16
BRDA:135,12,1,264
BRDA:141,13,0,8
BRDA:141,13,1,4
BRDA:141,13,2,4
BRDA:141,13,3,0
BRDA:143,14,0,8
BRDA:143,14,1,4
BRDA:146,15,0,4
BRDA:146,15,1,3
BRDA:149,16,0,4
BRDA:149,16,1,1
BRDA:156,17,0,280
BRDA:156,17,1,157
BRDA:165,18,0,96
BRDA:165,18,1,23
BRDA:167,19,0,96
BRDA:167,19,1,1
BRDA:181,20,0,96
BRDA:181,20,1,73
BRDA:181,20,2,72
BRDA:233,21,0,2
BRDA:233,21,1,0
BRDA:242,22,0,70
BRDA:242,22,1,2
BRDA:246,23,0,72
BRDA:246,23,1,0
BRDA:299,24,0,72
BRDA:299,24,1,14
BRF:55
BRH:48
end_of_record
TN:
SF:src\services\api.js
FN:5,(anonymous_0)
FN:23,(anonymous_1)
FN:29,getUsers
FN:35,(anonymous_3)
FN:38,(anonymous_4)
FN:80,(anonymous_5)
FN:88,(anonymous_6)
FNF:7
FNH:7
FNDA:3,(anonymous_0)
FNDA:1,(anonymous_1)
FNDA:1,getUsers
FNDA:1,(anonymous_3)
FNDA:1,(anonymous_4)
FNDA:1,(anonymous_5)
FNDA:1,(anonymous_6)
DA:3,8
DA:5,8
DA:6,3
DA:7,3
DA:11,1
DA:12,1
DA:13,1
DA:16,2
DA:17,1
DA:19,1
DA:23,8
DA:24,1
DA:25,1
DA:26,1
DA:30,1
DA:31,1
DA:35,1
DA:38,8
DA:39,1
DA:40,1
DA:41,1
DA:45,1
DA:47,1
DA:48,1
DA:49,1
DA:51,1
DA:52,1
DA:53,1
DA:54,0
DA:55,0
DA:59,1
DA:60,1
DA:61,1
DA:62,0
DA:66,1
DA:73,1
DA:75,0
DA:76,0
DA:80,8
DA:81,1
DA:82,1
DA:85,1
DA:88,8
DA:89,1
DA:90,1
LF:45
LH:40
BRDA:16,0,0,1
BRDA:16,0,1,1
BRDA:16,1,0,2
BRDA:16,1,1,2
BRDA:16,1,2,1
BRDA:19,2,0,1
BRDA:19,2,1,0
BRDA:53,3,0,0
BRDA:53,3,1,1
BRDA:53,4,0,1
BRDA:53,4,1,0
BRDA:61,5,0,0
BRDA:61,5,1,1
BRF:13
BRH:9
end_of_record
TN:
SF:src\utils\formatting.js
FN:1,(anonymous_0)
FN:13,(anonymous_1)
FN:29,(anonymous_2)
FN:47,(anonymous_3)
FN:64,(anonymous_4)
FN:70,(anonymous_5)
FN:71,(anonymous_6)
FN:72,(anonymous_7)
FNF:8
FNH:8
FNDA:5,(anonymous_0)
FNDA:7,(anonymous_1)
FNDA:12,(anonymous_2)
FNDA:10,(anonymous_3)
FNDA:7,(anonymous_4)
FNDA:15,(anonymous_5)
FNDA:15,(anonymous_6)
FNDA:9,(anonymous_7)
DA:1,1
DA:2,5
DA:4,3
DA:5,3
DA:6,3
DA:8,0
DA:9,0
DA:13,1
DA:14,7
DA:16,5
DA:17,5
DA:18,5
DA:20,4
DA:21,4
DA:23,4
DA:25,0
DA:29,1
DA:30,12
DA:32,12
DA:33,3
DA:36,9
DA:37,2
DA:38,7
DA:39,2
DA:40,5
DA:41,2
DA:43,3
DA:47,1
DA:48,10
DA:50,7
DA:51,7
DA:53,7
DA:54,3
DA:55,4
DA:56,2
DA:57,2
DA:58,2
DA:61,0
DA:64,1
DA:65,7
DA:67,4
DA:70,15
DA:71,15
DA:72,9
LF:44
LH:40
BRDA:2,0,0,2
BRDA:2,0,1,3
BRDA:14,1,0,2
BRDA:14,1,1,5
BRDA:18,2,0,1
BRDA:18,2,1,4
BRDA:32,3,0,3
BRDA:32,3,1,9
BRDA:36,4,0,2
BRDA:36,4,1,7
BRDA:38,5,0,2
BRDA:38,5,1,5
BRDA:40,6,0,2
BRDA:40,6,1,3
BRDA:48,7,0,3
BRDA:48,7,1,7
BRDA:48,8,0,10
BRDA:48,8,1,5
BRDA:50,9,0,7
BRDA:50,9,1,2
BRDA:51,10,0,7
BRDA:51,10,1,2
BRDA:53,11,0,3
BRDA:53,11,1,4
BRDA:53,12,0,7
BRDA:53,12,1,5
BRDA:55,13,0,2
BRDA:55,13,1,2
BRDA:57,14,0,2
BRDA:57,14,1,0
BRDA:65,15,0,3
BRDA:65,15,1,4
BRF:32
BRH:31
end_of_record
TN:
SF:src\utils\validation.js
FN:1,(anonymous_0)
FN:7,(anonymous_1)
FN:21,(anonymous_2)
FN:44,(anonymous_3)
FNF:4
FNH:4
FNDA:7,(anonymous_0)
FNDA:12,(anonymous_1)
FNDA:7,(anonymous_2)
FNDA:9,(anonymous_3)
DA:1,1
DA:3,7
DA:4,7
DA:7,1
DA:8,12
DA:10,12
DA:11,12
DA:12,12
DA:13,12
DA:15,12
DA:21,1
DA:22,7
DA:24,7
DA:25,7
DA:26,7
DA:27,7
DA:29,7
DA:30,6
DA:31,6
DA:32,1
DA:35,1
DA:38,7
DA:44,1
DA:45,9
DA:46,9
DA:48,9
DA:49,2
DA:50,2
DA:53,9
DA:54,2
DA:55,2
DA:58,9
DA:59,1
DA:60,1
DA:63,9
DA:64,2
DA:65,2
DA:68,9
DA:69,1
DA:70,1
DA:73,9
LF:41
LH:41
BRDA:10,0,0,3
BRDA:10,0,1,9
BRDA:11,1,0,3
BRDA:11,1,1,9
BRDA:12,2,0,1
BRDA:12,2,1,11
BRDA:13,3,0,3
BRDA:13,3,1,9
BRDA:24,4,0,1
BRDA:24,4,1,6
BRDA:25,5,0,1
BRDA:25,5,1,6
BRDA:26,6,0,1
BRDA:26,6,1,6
BRDA:27,7,0,1
BRDA:27,7,1,6
BRDA:27,8,0,7
BRDA:27,8,1,6
BRDA:29,9,0,6
BRDA:29,9,1,1
BRDA:31,10,0,1
BRDA:31,10,1,5
BRDA:48,11,0,2
BRDA:48,11,1,7
BRDA:48,12,0,9
BRDA:48,12,1,8
BRDA:53,13,0,2
BRDA:53,13,1,7
BRDA:53,14,0,9
BRDA:53,14,1,8
BRDA:58,15,0,1
BRDA:58,15,1,8
BRDA:63,16,0,2
BRDA:63,16,1,7
BRDA:63,17,0,9
BRDA:63,17,1,8
BRDA:68,18,0,1
BRDA:68,18,1,8
BRDA:69,19,0,1
BRDA:69,19,1,0
BRF:40
BRH:39
end_of_record
